#
# There is insufficient memory for the Java Runtime Environment to continue.
# Native memory allocation (malloc) failed to allocate 32744 bytes for ChunkPool::allocate
# Possible reasons:
#   The system is out of physical RAM or swap space
#   In 32 bit mode, the process size limit was hit
# Possible solutions:
#   Reduce memory load on the system
#   Increase physical memory or swap space
#   Check if swap backing store is full
#   Use 64 bit Java on a 64 bit OS
#   Decrease Java heap size (-Xmx/-Xms)
#   Decrease number of Java threads
#   Decrease Java thread stack sizes (-Xss)
#   Set larger code cache with -XX:ReservedCodeCacheSize=
# This output file may be truncated or incomplete.
#
#  Out of Memory Error (allocation.cpp:273), pid=10688, tid=0x00000000000003fc
#
# JRE version: OpenJDK Runtime Environment (8.0_152-b01) (build 1.8.0_152-release-1248-b01)
# Java VM: OpenJDK 64-Bit Server VM (25.152-b01 mixed mode windows-amd64 compressed oops)
# Failed to write core dump. Minidumps are not enabled by default on client versions of Windows
#

---------------  T H R E A D  ---------------

Current thread (0x0000000016860800):  JavaThread "C2 CompilerThread1" daemon [_thread_in_native, id=1020, stack(0x0000000017fb0000,0x00000000180b0000)]

Stack: [0x0000000017fb0000,0x00000000180b0000]
[error occurred during error reporting (printing stack bounds), id 0xc0000005]

Native frames: (J=compiled Java code, j=interpreted, Vv=VM code, C=native code)


Current CompileTask:
C2:  10852 3075   !   4       java.net.URLClassLoader$1::run (63 bytes)


---------------  P R O C E S S  ---------------

Java Threads: ( => current thread )
  0x0000000018d97800 JavaThread "pool-1-thread-1" [_thread_blocked, id=2984, stack(0x0000000020b70000,0x0000000020c70000)]
  0x0000000019e8f000 JavaThread "Build operations Thread 4" [_thread_blocked, id=11976, stack(0x0000000020870000,0x0000000020970000)]
  0x0000000019e8e800 JavaThread "Build operations Thread 3" [_thread_blocked, id=1592, stack(0x0000000020770000,0x0000000020870000)]
  0x0000000019e8d800 JavaThread "Build operations Thread 2" [_thread_blocked, id=6428, stack(0x00000000201a0000,0x00000000202a0000)]
  0x0000000019e93800 JavaThread "Build operations" [_thread_blocked, id=10632, stack(0x000000001f0d0000,0x000000001f1d0000)]
  0x0000000019e93000 JavaThread "Cache worker for Artifact transforms cache (C:\Users\Akluv\.gradle\caches\transforms-1)" [_thread_blocked, id=3608, stack(0x000000001efd0000,0x000000001f0d0000)]
  0x0000000019e90000 JavaThread "Cache worker for cache directory md-rule (C:\Users\Akluv\.gradle\caches\4.10.1\md-rule)" [_thread_blocked, id=7288, stack(0x000000001eed0000,0x000000001efd0000)]
  0x0000000019e92000 JavaThread "Cache worker for cache directory md-supplier (C:\Users\Akluv\.gradle\caches\4.10.1\md-supplier)" [_thread_blocked, id=11100, stack(0x000000001edd0000,0x000000001eed0000)]
  0x0000000019e91800 JavaThread "Cache worker for journal cache (C:\Users\Akluv\.gradle\caches\journal-1)" [_thread_blocked, id=10880, stack(0x000000001d4a0000,0x000000001d5a0000)]
  0x000000001bb86800 JavaThread "Cache worker for file hash cache (C:\Users\Akluv\Desktop\FirebaseSampleApp\.gradle\4.10.1\fileHashes)" [_thread_blocked, id=3580, stack(0x000000001c3d0000,0x000000001c4d0000)]
  0x000000001b292000 JavaThread "File lock request listener" [_thread_in_native, id=7176, stack(0x000000001c2d0000,0x000000001c3d0000)]
  0x000000001b024800 JavaThread "Cache worker for file hash cache (C:\Users\Akluv\.gradle\caches\4.10.1\fileHashes)" [_thread_blocked, id=2316, stack(0x000000001c1d0000,0x000000001c2d0000)]
  0x0000000019a19800 JavaThread "Stdin handler" [_thread_blocked, id=9964, stack(0x000000001ad00000,0x000000001ae00000)]
  0x0000000019a05000 JavaThread "Asynchronous log dispatcher for DefaultDaemonConnection: socket connection from /127.0.0.1:5163 to /127.0.0.1:5164" [_thread_blocked, id=9432, stack(0x000000001ac00000,0x000000001ad00000)]
  0x00000000199f7000 JavaThread "Daemon worker" [_thread_in_vm, id=1876, stack(0x000000001ab00000,0x000000001ac00000)]
  0x00000000199f6800 JavaThread "Cancel handler" [_thread_blocked, id=6604, stack(0x000000001aa00000,0x000000001ab00000)]
  0x0000000019b09800 JavaThread "Handler for socket connection from /127.0.0.1:5163 to /127.0.0.1:5164" [_thread_in_native, id=7012, stack(0x000000001a900000,0x000000001aa00000)]
  0x0000000019b16800 JavaThread "Daemon" [_thread_blocked, id=6352, stack(0x000000001a800000,0x000000001a900000)]
  0x0000000019afe000 JavaThread "Daemon periodic checks" [_thread_blocked, id=6224, stack(0x000000001a700000,0x000000001a800000)]
  0x0000000019ad2000 JavaThread "Incoming local TCP Connector on port 5163" [_thread_in_native, id=6188, stack(0x000000001a4c0000,0x000000001a5c0000)]
  0x00000000181e1800 JavaThread "Service Thread" daemon [_thread_blocked, id=7872, stack(0x00000000185b0000,0x00000000186b0000)]
  0x0000000016872000 JavaThread "C1 CompilerThread2" daemon [_thread_blocked, id=3336, stack(0x00000000180b0000,0x00000000181b0000)]
=>0x0000000016860800 JavaThread "C2 CompilerThread1" daemon [_thread_in_native, id=1020, stack(0x0000000017fb0000,0x00000000180b0000)]
  0x000000001685a000 JavaThread "C2 CompilerThread0" daemon [_thread_in_native, id=6112, stack(0x0000000017eb0000,0x0000000017fb0000)]
  0x0000000016867800 JavaThread "Attach Listener" daemon [_thread_blocked, id=11920, stack(0x0000000017db0000,0x0000000017eb0000)]
  0x0000000016866000 JavaThread "Signal Dispatcher" daemon [_thread_blocked, id=1672, stack(0x0000000017cb0000,0x0000000017db0000)]
  0x0000000002eec800 JavaThread "Finalizer" daemon [_thread_blocked, id=3232, stack(0x0000000017ac0000,0x0000000017bc0000)]
  0x0000000002ee1800 JavaThread "Reference Handler" daemon [_thread_blocked, id=9972, stack(0x00000000179c0000,0x0000000017ac0000)]
  0x0000000002cde800 JavaThread "main" [_thread_blocked, id=9268, stack(0x0000000002cf0000,0x0000000002df0000)]

Other Threads:
  0x0000000016828000 VMThread [stack: 0x00000000178c0000,0x00000000179c0000] [id=10692]
  0x00000000181e4000 WatcherThread [stack: 0x00000000186b0000,0x00000000187b0000] [id=2936]

VM state:not at safepoint (normal execution)

VM Mutex/Monitor currently owned by a thread: None

Heap:
 PSYoungGen      total 94208K, used 1475K [0x00000000e0000000, 0x00000000e6580000, 0x0000000100000000)
  eden space 84480K, 1% used [0x00000000e0000000,0x00000000e0170e50,0x00000000e5280000)
  from space 9728K, 0% used [0x00000000e5c00000,0x00000000e5c00000,0x00000000e6580000)
  to   space 9728K, 0% used [0x00000000e5280000,0x00000000e5280000,0x00000000e5c00000)
 ParOldGen       total 35328K, used 16605K [0x00000000a0000000, 0x00000000a2280000, 0x00000000e0000000)
  object space 35328K, 47% used [0x00000000a0000000,0x00000000a1037538,0x00000000a2280000)
 Metaspace       used 35066K, capacity 35640K, committed 35672K, reserved 1079296K
  class space    used 4864K, capacity 5100K, committed 5120K, reserved 1048576K

Card table byte_map: [0x00000000122b0000,0x00000000125c0000] byte_map_base: 0x0000000011db0000

Marking Bits: (ParMarkBitMap*) 0x0000000074d05aa0
 Begin Bits: [0x0000000012bc0000, 0x00000000143c0000)
 End Bits:   [0x00000000143c0000, 0x0000000015bc0000)

Polling page: 0x0000000000e40000

CodeCache: size=245760Kb used=10693Kb max_used=10693Kb free=235066Kb
 bounds [0x0000000002ef0000, 0x0000000003970000, 0x0000000011ef0000]
 total_blobs=3677 nmethods=2970 adapters=620
 compilation: enabled

Compilation events (10 events):
Event: 10.472 Thread 0x0000000016872000 3194       3       sun.misc.ProxyGenerator::getFieldType (65 bytes)
Event: 10.473 Thread 0x0000000016872000 nmethod 3194 0x000000000395f690 code [0x000000000395f900, 0x00000000039609e8]
Event: 10.476 Thread 0x0000000016872000 3195       3       sun.reflect.annotation.AnnotationInvocationHandler::<init> (56 bytes)
Event: 10.477 Thread 0x0000000016872000 nmethod 3195 0x0000000003961210 code [0x00000000039613c0, 0x00000000039619e8]
Event: 10.482 Thread 0x0000000016872000 3196  s    3       sun.net.www.protocol.file.Handler::openConnection (7 bytes)
Event: 10.482 Thread 0x0000000016872000 nmethod 3196 0x0000000003961c10 code [0x0000000003961d80, 0x0000000003962088]
Event: 10.482 Thread 0x0000000016872000 3197  s!   3       sun.net.www.protocol.file.Handler::openConnection (269 bytes)
Event: 10.486 Thread 0x0000000016872000 nmethod 3197 0x0000000003962150 code [0x00000000039625e0, 0x0000000003965508]
Event: 10.486 Thread 0x0000000016872000 3198       3       sun.net.www.protocol.file.Handler::createFileURLConnection (10 bytes)
Event: 10.486 Thread 0x0000000016872000 nmethod 3198 0x00000000039671d0 code [0x0000000003967340, 0x0000000003967528]

GC Heap History (10 events):
Event: 5.128 GC heap before
{Heap before GC invocations=8 (full 1):
 PSYoungGen      total 72192K, used 6438K [0x00000000e0000000, 0x00000000e4f00000, 0x0000000100000000)
  eden space 64512K, 0% used [0x00000000e0000000,0x00000000e0000000,0x00000000e3f00000)
  from space 7680K, 83% used [0x00000000e3f00000,0x00000000e4549b80,0x00000000e4680000)
  to   space 6656K, 0% used [0x00000000e4680000,0x00000000e4680000,0x00000000e4d00000)
 ParOldGen       total 44032K, used 7555K [0x00000000a0000000, 0x00000000a2b00000, 0x00000000e0000000)
  object space 44032K, 17% used [0x00000000a0000000,0x00000000a0760e48,0x00000000a2b00000)
 Metaspace       used 20860K, capacity 21176K, committed 21248K, reserved 1067008K
  class space    used 2914K, capacity 3060K, committed 3072K, reserved 1048576K
Event: 5.199 GC heap after
Heap after GC invocations=8 (full 1):
 PSYoungGen      total 72192K, used 0K [0x00000000e0000000, 0x00000000e4f00000, 0x0000000100000000)
  eden space 64512K, 0% used [0x00000000e0000000,0x00000000e0000000,0x00000000e3f00000)
  from space 7680K, 0% used [0x00000000e3f00000,0x00000000e3f00000,0x00000000e4680000)
  to   space 6656K, 0% used [0x00000000e4680000,0x00000000e4680000,0x00000000e4d00000)
 ParOldGen       total 35328K, used 8871K [0x00000000a0000000, 0x00000000a2280000, 0x00000000e0000000)
  object space 35328K, 25% used [0x00000000a0000000,0x00000000a08a9c78,0x00000000a2280000)
 Metaspace       used 20860K, capacity 21176K, committed 21248K, reserved 1067008K
  class space    used 2914K, capacity 3060K, committed 3072K, reserved 1048576K
}
Event: 6.902 GC heap before
{Heap before GC invocations=9 (full 1):
 PSYoungGen      total 72192K, used 64512K [0x00000000e0000000, 0x00000000e4f00000, 0x0000000100000000)
  eden space 64512K, 100% used [0x00000000e0000000,0x00000000e3f00000,0x00000000e3f00000)
  from space 7680K, 0% used [0x00000000e3f00000,0x00000000e3f00000,0x00000000e4680000)
  to   space 6656K, 0% used [0x00000000e4680000,0x00000000e4680000,0x00000000e4d00000)
 ParOldGen       total 35328K, used 8871K [0x00000000a0000000, 0x00000000a2280000, 0x00000000e0000000)
  object space 35328K, 25% used [0x00000000a0000000,0x00000000a08a9c78,0x00000000a2280000)
 Metaspace       used 26742K, capacity 27110K, committed 27392K, reserved 1073152K
  class space    used 3643K, capacity 3815K, committed 3840K, reserved 1048576K
Event: 6.918 GC heap after
Heap after GC invocations=9 (full 1):
 PSYoungGen      total 70144K, used 6624K [0x00000000e0000000, 0x00000000e7400000, 0x0000000100000000)
  eden space 63488K, 0% used [0x00000000e0000000,0x00000000e0000000,0x00000000e3e00000)
  from space 6656K, 99% used [0x00000000e4680000,0x00000000e4cf83b0,0x00000000e4d00000)
  to   space 8704K, 0% used [0x00000000e3e00000,0x00000000e3e00000,0x00000000e4680000)
 ParOldGen       total 35328K, used 9104K [0x00000000a0000000, 0x00000000a2280000, 0x00000000e0000000)
  object space 35328K, 25% used [0x00000000a0000000,0x00000000a08e4208,0x00000000a2280000)
 Metaspace       used 26742K, capacity 27110K, committed 27392K, reserved 1073152K
  class space    used 3643K, capacity 3815K, committed 3840K, reserved 1048576K
}
Event: 8.223 GC heap before
{Heap before GC invocations=10 (full 1):
 PSYoungGen      total 70144K, used 70112K [0x00000000e0000000, 0x00000000e7400000, 0x0000000100000000)
  eden space 63488K, 100% used [0x00000000e0000000,0x00000000e3e00000,0x00000000e3e00000)
  from space 6656K, 99% used [0x00000000e4680000,0x00000000e4cf83b0,0x00000000e4d00000)
  to   space 8704K, 0% used [0x00000000e3e00000,0x00000000e3e00000,0x00000000e4680000)
 ParOldGen       total 35328K, used 9104K [0x00000000a0000000, 0x00000000a2280000, 0x00000000e0000000)
  object space 35328K, 25% used [0x00000000a0000000,0x00000000a08e4208,0x00000000a2280000)
 Metaspace       used 30031K, capacity 30450K, committed 30720K, reserved 1075200K
  class space    used 4177K, capacity 4330K, committed 4352K, reserved 1048576K
Event: 8.236 GC heap after
Heap after GC invocations=10 (full 1):
 PSYoungGen      total 72192K, used 7853K [0x00000000e0000000, 0x00000000e6580000, 0x0000000100000000)
  eden space 63488K, 0% used [0x00000000e0000000,0x00000000e0000000,0x00000000e3e00000)
  from space 8704K, 90% used [0x00000000e3e00000,0x00000000e45ab7a8,0x00000000e4680000)
  to   space 9728K, 0% used [0x00000000e5c00000,0x00000000e5c00000,0x00000000e6580000)
 ParOldGen       total 35328K, used 9112K [0x00000000a0000000, 0x00000000a2280000, 0x00000000e0000000)
  object space 35328K, 25% used [0x00000000a0000000,0x00000000a08e6208,0x00000000a2280000)
 Metaspace       used 30031K, capacity 30450K, committed 30720K, reserved 1075200K
  class space    used 4177K, capacity 4330K, committed 4352K, reserved 1048576K
}
Event: 10.589 GC heap before
{Heap before GC invocations=11 (full 1):
 PSYoungGen      total 72192K, used 55576K [0x00000000e0000000, 0x00000000e6580000, 0x0000000100000000)
  eden space 63488K, 75% used [0x00000000e0000000,0x00000000e2e9a9a8,0x00000000e3e00000)
  from space 8704K, 90% used [0x00000000e3e00000,0x00000000e45ab7a8,0x00000000e4680000)
  to   space 9728K, 0% used [0x00000000e5c00000,0x00000000e5c00000,0x00000000e6580000)
 ParOldGen       total 35328K, used 9112K [0x00000000a0000000, 0x00000000a2280000, 0x00000000e0000000)
  object space 35328K, 25% used [0x00000000a0000000,0x00000000a08e6208,0x00000000a2280000)
 Metaspace       used 34801K, capacity 35352K, committed 35416K, reserved 1079296K
  class space    used 4843K, capacity 5068K, committed 5120K, reserved 1048576K
Event: 10.632 GC heap after
Heap after GC invocations=11 (full 1):
 PSYoungGen      total 94208K, used 7128K [0x00000000e0000000, 0x00000000e6580000, 0x0000000100000000)
  eden space 84480K, 0% used [0x00000000e0000000,0x00000000e0000000,0x00000000e5280000)
  from space 9728K, 73% used [0x00000000e5c00000,0x00000000e62f6398,0x00000000e6580000)
  to   space 9728K, 0% used [0x00000000e5280000,0x00000000e5280000,0x00000000e5c00000)
 ParOldGen       total 35328K, used 12045K [0x00000000a0000000, 0x00000000a2280000, 0x00000000e0000000)
  object space 35328K, 34% used [0x00000000a0000000,0x00000000a0bc3568,0x00000000a2280000)
 Metaspace       used 34801K, capacity 35352K, committed 35416K, reserved 1079296K
  class space    used 4843K, capacity 5068K, committed 5120K, reserved 1048576K
}
Event: 10.632 GC heap before
{Heap before GC invocations=12 (full 2):
 PSYoungGen      total 94208K, used 7128K [0x00000000e0000000, 0x00000000e6580000, 0x0000000100000000)
  eden space 84480K, 0% used [0x00000000e0000000,0x00000000e0000000,0x00000000e5280000)
  from space 9728K, 73% used [0x00000000e5c00000,0x00000000e62f6398,0x00000000e6580000)
  to   space 9728K, 0% used [0x00000000e5280000,0x00000000e5280000,0x00000000e5c00000)
 ParOldGen       total 35328K, used 12045K [0x00000000a0000000, 0x00000000a2280000, 0x00000000e0000000)
  object space 35328K, 34% used [0x00000000a0000000,0x00000000a0bc3568,0x00000000a2280000)
 Metaspace       used 34801K, capacity 35352K, committed 35416K, reserved 1079296K
  class space    used 4843K, capacity 5068K, committed 5120K, reserved 1048576K
Event: 10.795 GC heap after
Heap after GC invocations=12 (full 2):
 PSYoungGen      total 94208K, used 0K [0x00000000e0000000, 0x00000000e6580000, 0x0000000100000000)
  eden space 84480K, 0% used [0x00000000e0000000,0x00000000e0000000,0x00000000e5280000)
  from space 9728K, 0% used [0x00000000e5c00000,0x00000000e5c00000,0x00000000e6580000)
  to   space 9728K, 0% used [0x00000000e5280000,0x00000000e5280000,0x00000000e5c00000)
 ParOldGen       total 35328K, used 16605K [0x00000000a0000000, 0x00000000a2280000, 0x00000000e0000000)
  object space 35328K, 47% used [0x00000000a0000000,0x00000000a1037538,0x00000000a2280000)
 Metaspace       used 34801K, capacity 35352K, committed 35416K, reserved 1079296K
  class space    used 4843K, capacity 5068K, committed 5120K, reserved 1048576K
}

Deoptimization events (10 events):
Event: 8.314 Thread 0x0000000019e93800 Uncommon trap: reason=unstable_if action=reinterpret pc=0x0000000003345e14 method=java.util.concurrent.ConcurrentHashMap.addCount(JI)V @ 168
Event: 9.099 Thread 0x00000000199f7000 Uncommon trap: reason=range_check action=make_not_entrant pc=0x00000000037ab714 method=java.lang.String.charAt(I)C @ 27
Event: 9.384 Thread 0x00000000199f7000 Uncommon trap: reason=bimorphic action=maybe_recompile pc=0x0000000003714a24 method=java.lang.ClassLoader.getPackage(Ljava/lang/String;)Ljava/lang/Package; @ 47
Event: 9.420 Thread 0x00000000199f7000 Uncommon trap: reason=bimorphic action=maybe_recompile pc=0x0000000003714a24 method=java.lang.ClassLoader.getPackage(Ljava/lang/String;)Ljava/lang/Package; @ 47
Event: 9.426 Thread 0x00000000199f7000 Uncommon trap: reason=bimorphic action=maybe_recompile pc=0x0000000003714a24 method=java.lang.ClassLoader.getPackage(Ljava/lang/String;)Ljava/lang/Package; @ 47
Event: 9.430 Thread 0x00000000199f7000 Uncommon trap: reason=bimorphic action=maybe_recompile pc=0x0000000003714a24 method=java.lang.ClassLoader.getPackage(Ljava/lang/String;)Ljava/lang/Package; @ 47
Event: 9.433 Thread 0x00000000199f7000 Uncommon trap: reason=bimorphic action=maybe_recompile pc=0x00000000036e3c5c method=java.lang.ClassLoader.getPackage(Ljava/lang/String;)Ljava/lang/Package; @ 47
Event: 10.066 Thread 0x00000000199f7000 Uncommon trap: reason=unstable_if action=reinterpret pc=0x000000000306e824 method=java.lang.Integer.valueOf(I)Ljava/lang/Integer; @ 3
Event: 10.078 Thread 0x00000000199f7000 Uncommon trap: reason=predicate action=maybe_recompile pc=0x000000000390cca4 method=java.util.Arrays.binarySearch0([Ljava/lang/Object;IILjava/lang/Object;Ljava/util/Comparator;)I @ 28
Event: 10.199 Thread 0x00000000199f7000 Uncommon trap: reason=unstable_if action=reinterpret pc=0x000000000351e6f8 method=sun.misc.MetaIndex.mayContain(Ljava/lang/String;)Z @ 38

Classes redefined (0 events):
No events

Internal exceptions (10 events):
Event: 9.211 Thread 0x00000000199f7000 Exception <a 'java/lang/ClassNotFoundException': org/gradle/api/internal/AbstractTaskCustomizer> (0x00000000e18c38a0) thrown at [D:\src\AOSP-openjdk-cygwin\jdk8u\hotspot\src\share\vm\classfile\systemDictionary.cpp, line 210]
Event: 9.218 Thread 0x00000000199f7000 Exception <a 'java/lang/ClassNotFoundException': org/gradle/api/DefaultTaskCustomizer> (0x00000000e1951248) thrown at [D:\src\AOSP-openjdk-cygwin\jdk8u\hotspot\src\share\vm\classfile\systemDictionary.cpp, line 210]
Event: 9.220 Thread 0x00000000199f7000 Exception <a 'java/lang/ClassNotFoundException': org/gradle/api/internal/ConventionTaskCustomizer> (0x00000000e198f8d0) thrown at [D:\src\AOSP-openjdk-cygwin\jdk8u\hotspot\src\share\vm\classfile\systemDictionary.cpp, line 210]
Event: 9.221 Thread 0x00000000199f7000 Exception <a 'java/lang/ClassNotFoundException': org/gradle/api/tasks/DeleteCustomizer> (0x00000000e19cb470) thrown at [D:\src\AOSP-openjdk-cygwin\jdk8u\hotspot\src\share\vm\classfile\systemDictionary.cpp, line 210]
Event: 9.223 Thread 0x00000000199f7000 Exception <a 'java/lang/ClassNotFoundException': org/gradle/api/tasks/Delete_DecoratedCustomizer> (0x00000000e1a154f8) thrown at [D:\src\AOSP-openjdk-cygwin\jdk8u\hotspot\src\share\vm\classfile\systemDictionary.cpp, line 210]
Event: 9.353 Thread 0x00000000199f7000 Exception <a 'java/lang/ClassNotFoundException': build_8xfqdwr752bnzl1ojtsizufmrBeanInfo> (0x00000000e1b64be0) thrown at [D:\src\AOSP-openjdk-cygwin\jdk8u\hotspot\src\share\vm\classfile\systemDictionary.cpp, line 210]
Event: 9.354 Thread 0x00000000199f7000 Exception <a 'java/lang/ClassNotFoundException': build_8xfqdwr752bnzl1ojtsizufmrCustomizer> (0x00000000e1b6f910) thrown at [D:\src\AOSP-openjdk-cygwin\jdk8u\hotspot\src\share\vm\classfile\systemDictionary.cpp, line 210]
Event: 9.375 Thread 0x00000000199f7000 Exception <a 'java/lang/ClassNotFoundException': org/gradle/api/internal/plugins/DefaultObjectConfigurationActionBeanInfo> (0x00000000e1bddee0) thrown at [D:\src\AOSP-openjdk-cygwin\jdk8u\hotspot\src\share\vm\classfile\systemDictionary.cpp, line 210]
Event: 9.377 Thread 0x00000000199f7000 Exception <a 'java/lang/ClassNotFoundException': org/gradle/api/internal/plugins/DefaultObjectConfigurationActionCustomizer> (0x00000000e1c514a0) thrown at [D:\src\AOSP-openjdk-cygwin\jdk8u\hotspot\src\share\vm\classfile\systemDictionary.cpp, line 210]
Event: 10.501 Thread 0x00000000199f7000 Exception <a 'sun/nio/fs/WindowsException'> (0x00000000e2a52bc8) thrown at [D:\src\AOSP-openjdk-cygwin\jdk8u\hotspot\src\share\vm\prims\jni.cpp, line 709]

Events (10 events):
Event: 10.834 loading class com/google/protobuf/MessageReflection$MergeTarget
Event: 10.834 loading class com/google/protobuf/MessageReflection$MergeTarget done
Event: 10.835 loading class com/google/protobuf/UninitializedMessageException
Event: 10.835 loading class com/google/protobuf/UninitializedMessageException done
Event: 10.836 loading class com/google/wireless/android/sdk/stats/GradleBuildProject
Event: 10.836 loading class com/google/wireless/android/sdk/stats/GradleBuildProject done
Event: 10.837 loading class com/google/wireless/android/sdk/stats/GradleBuildProjectOrBuilder
Event: 10.837 loading class com/google/wireless/android/sdk/stats/GradleBuildProjectOrBuilder done
Event: 10.838 loading class com/google/wireless/android/sdk/stats/GradleBuildMemorySample
Event: 10.838 loading class com/google/wireless/android/sdk/stats/GradleBuildMemorySample done


Dynamic libraries:
0x00007ff695530000 - 0x00007ff695561000 	C:\Program Files\Android\Android Studio\jre\bin\java.exe
0x00007ffbf3aa0000 - 0x00007ffbf3c81000 	C:\WINDOWS\SYSTEM32\ntdll.dll
0x00007ffbf3440000 - 0x00007ffbf34f2000 	C:\WINDOWS\System32\KERNEL32.DLL
0x00007ffbf0890000 - 0x00007ffbf0b03000 	C:\WINDOWS\System32\KERNELBASE.dll
0x00007ffbf38a0000 - 0x00007ffbf3941000 	C:\WINDOWS\System32\ADVAPI32.dll
0x00007ffbf39d0000 - 0x00007ffbf3a6e000 	C:\WINDOWS\System32\msvcrt.dll
0x00007ffbf2fe0000 - 0x00007ffbf303b000 	C:\WINDOWS\System32\sechost.dll
0x00007ffbf3770000 - 0x00007ffbf3894000 	C:\WINDOWS\System32\RPCRT4.dll
0x00007ffbf1040000 - 0x00007ffbf11d0000 	C:\WINDOWS\System32\USER32.dll
0x00007ffbf0160000 - 0x00007ffbf0180000 	C:\WINDOWS\System32\win32u.dll
0x00007ffbf0f30000 - 0x00007ffbf0f58000 	C:\WINDOWS\System32\GDI32.dll
0x00007ffbf0b10000 - 0x00007ffbf0ca2000 	C:\WINDOWS\System32\gdi32full.dll
0x00007ffbf0060000 - 0x00007ffbf00ff000 	C:\WINDOWS\System32\msvcp_win.dll
0x00007ffbf0e30000 - 0x00007ffbf0f2a000 	C:\WINDOWS\System32\ucrtbase.dll
0x00007ffbda970000 - 0x00007ffbdabd9000 	C:\WINDOWS\WinSxS\amd64_microsoft.windows.common-controls_6595b64144ccf1df_6.0.17134.407_none_fb449d63306391e9\COMCTL32.dll
0x00007ffbf3110000 - 0x00007ffbf3432000 	C:\WINDOWS\System32\combase.dll
0x00007ffbf0db0000 - 0x00007ffbf0e2a000 	C:\WINDOWS\System32\bcryptPrimitives.dll
0x00007ffbf3740000 - 0x00007ffbf376d000 	C:\WINDOWS\System32\IMM32.DLL
0x0000000074460000 - 0x0000000074532000 	C:\Program Files\Android\Android Studio\jre\jre\bin\msvcr100.dll
0x0000000074540000 - 0x0000000074d81000 	C:\Program Files\Android\Android Studio\jre\jre\bin\server\jvm.dll
0x00007ffbf2830000 - 0x00007ffbf2838000 	C:\WINDOWS\System32\PSAPI.DLL
0x00007ffbeb500000 - 0x00007ffbeb523000 	C:\WINDOWS\SYSTEM32\WINMM.dll
0x00007ffbe6120000 - 0x00007ffbe612a000 	C:\WINDOWS\SYSTEM32\VERSION.dll
0x00007ffbea0b0000 - 0x00007ffbea0b9000 	C:\WINDOWS\SYSTEM32\WSOCK32.dll
0x00007ffbf3950000 - 0x00007ffbf39bc000 	C:\WINDOWS\System32\WS2_32.dll
0x00007ffbeb4d0000 - 0x00007ffbeb4fa000 	C:\WINDOWS\SYSTEM32\winmmbase.dll
0x00007ffbf0cb0000 - 0x00007ffbf0cf9000 	C:\WINDOWS\System32\cfgmgr32.dll
0x00007ffbec2d0000 - 0x00007ffbec2df000 	C:\Program Files\Android\Android Studio\jre\jre\bin\verify.dll
0x00007ffbeb540000 - 0x00007ffbeb569000 	C:\Program Files\Android\Android Studio\jre\jre\bin\java.dll
0x00007ffbeb260000 - 0x00007ffbeb276000 	C:\Program Files\Android\Android Studio\jre\jre\bin\zip.dll
0x00007ffbf1230000 - 0x00007ffbf266f000 	C:\WINDOWS\System32\SHELL32.dll
0x00007ffbf3510000 - 0x00007ffbf35b9000 	C:\WINDOWS\System32\shcore.dll
0x00007ffbf0180000 - 0x00007ffbf088d000 	C:\WINDOWS\System32\windows.storage.dll
0x00007ffbf2d80000 - 0x00007ffbf2dd1000 	C:\WINDOWS\System32\shlwapi.dll
0x00007ffbefdd0000 - 0x00007ffbefde1000 	C:\WINDOWS\System32\kernel.appcore.dll
0x00007ffbefdb0000 - 0x00007ffbefdcf000 	C:\WINDOWS\System32\profapi.dll
0x00007ffbefe00000 - 0x00007ffbefe4c000 	C:\WINDOWS\System32\powrprof.dll
0x00007ffbefdf0000 - 0x00007ffbefdfa000 	C:\WINDOWS\System32\FLTLIB.DLL
0x00007ffbeb1c0000 - 0x00007ffbeb1da000 	C:\Program Files\Android\Android Studio\jre\jre\bin\net.dll
0x00007ffbef630000 - 0x00007ffbef696000 	C:\WINDOWS\system32\mswsock.dll
0x00007ffbea1c0000 - 0x00007ffbea1d1000 	C:\Program Files\Android\Android Studio\jre\jre\bin\nio.dll
0x00007ffbe4ee0000 - 0x00007ffbe4efe000 	C:\Users\Akluv\.gradle\native\25\windows-amd64\native-platform.dll
0x00007ffbeb240000 - 0x00007ffbeb24d000 	C:\Program Files\Android\Android Studio\jre\jre\bin\management.dll
0x00007ffbef7f0000 - 0x00007ffbef807000 	C:\WINDOWS\SYSTEM32\CRYPTSP.dll
0x00007ffbef210000 - 0x00007ffbef243000 	C:\WINDOWS\system32\rsaenh.dll
0x00007ffbef910000 - 0x00007ffbef935000 	C:\WINDOWS\SYSTEM32\bcrypt.dll
0x00007ffbefcb0000 - 0x00007ffbefcd8000 	C:\WINDOWS\SYSTEM32\USERENV.dll
0x00007ffbef7e0000 - 0x00007ffbef7eb000 	C:\WINDOWS\SYSTEM32\CRYPTBASE.dll
0x00007ffbef3b0000 - 0x00007ffbef3e8000 	C:\WINDOWS\SYSTEM32\IPHLPAPI.DLL
0x00007ffbf3500000 - 0x00007ffbf3508000 	C:\WINDOWS\System32\NSI.dll
0x00007ffbe7420000 - 0x00007ffbe7436000 	C:\WINDOWS\SYSTEM32\dhcpcsvc6.DLL
0x00007ffbe7400000 - 0x00007ffbe741a000 	C:\WINDOWS\SYSTEM32\dhcpcsvc.DLL

VM Arguments:
jvm_args: -Xmx1536m -Dfile.encoding=windows-1252 -Duser.country=IN -Duser.language=en -Duser.variant 
java_command: org.gradle.launcher.daemon.bootstrap.GradleDaemon 4.10.1
java_class_path (initial): C:\Users\Akluv\.gradle\wrapper\dists\gradle-4.10.1-all\455itskqi2qtf0v2sja68alqd\gradle-4.10.1\lib\gradle-launcher-4.10.1.jar
Launcher Type: SUN_STANDARD

Environment Variables:
CLASSPATH=.;C:\PROGRA~1\IBM\SQLLIB\java\db2java.zip;C:\PROGRA~1\IBM\SQLLIB\java\db2jcc.jar;C:\PROGRA~1\IBM\SQLLIB\java\sqlj.zip;C:\PROGRA~1\IBM\SQLLIB\java\DB2JCC~1.JAR;C:\PROGRA~1\IBM\SQLLIB\BIN;C:\PROGRA~1\IBM\SQLLIB\java\Common.jar;C:\Program Files (x86)\apache-maven-3.5.3\bin
PATH=C:\Program Files (x86)\Common Files\Oracle\Java\javapath;C:\Program Files (x86)\NVIDIA Corporation\PhysX\Common;C:\ProgramData\Oracle\Java\javapath;C:\Program Files (x86)\Intel\iCLS Client\;C:\Program Files\Intel\iCLS Client\;C:\Windows\system32;C:\Windows;C:\Windows\System32\Wbem;C:\Windows\System32\WindowsPowerShell\v1.0\;C:\Program Files (x86)\Intel\Intel(R) Management Engine Components\DAL;C:\Program Files\Intel\Intel(R) Management Engine Components\DAL;C:\Program Files (x86)\Intel\Intel(R) Management Engine Components\IPT;C:\Program Files\Intel\Intel(R) Management Engine Components\IPT;C:\Program Files\Microsoft\Web Platform Installer\;C:\Program Files (x86)\Microsoft ASP.NET\ASP.NET Web Pages\v1.0\;C:\Program Files (x86)\Windows Kits\8.0\Windows Performance Toolkit\;C:\Program Files\Microsoft SQL Server\110\Tools\Binn\;C:\Program Files (x86)\Microsoft SQL Server\110\Tools\Binn\;C:\Program Files\Microsoft SQL Server\110\DTS\Binn\;E:\Andy\common;C:\PROGRA~1\IBM\SQLLIB\BIN;C:\PROGRA~1\IBM\SQLLIB\FUNCTION;C:\PROGRA~1\IBM\SQLLIB\SAMPLES\REPL;C:\Users\Akluv\AppData;C:\Program Files (x86)\node-v7.3.0-win-x64;C:\Program Files\IBM\MobileFirst-CLI;C:\WINDOWS\system32;C:\WINDOWS;C:\WINDOWS\System32\Wbem;C:\WINDOWS\System32\WindowsPowerShell\v1.0\;C:\WINDOWS\System32\OpenSSH\;C:\Program Files\nodejs\;C:\Program Files (x86)\PuTTY\;C:\Program Files\Git\cmd;C:\Users\Akluv\AppData\Local\Programs\Python\Python36\Scripts\;C:\Users\Akluv\AppData\Local\Programs\Python\Python36\;C:\Users\Akluv\Anaconda3;C:\Users\Akluv\Anaconda3\Library\mingw-w64\bin;C:\Users\Akluv\Anaconda3\Library\usr\bin;C:\Users\Akluv\Anaconda3\Library\bin;C:\Users\Akluv\Anaconda3\Scripts;C:\Users\Akluv\AppData\Local\Microsoft\WindowsApps;C:\Users\Akluv\AppData\Local\Programs\MiKTeX 2.9\miktex\bin\x64\;E:\Microsoft VS Code\bin;C:\Users\Akluv\AppData\Roaming\npm
USERNAME=Akluv
OS=Windows_NT
PROCESSOR_IDENTIFIER=Intel64 Family 6 Model 61 Stepping 4, GenuineIntel



---------------  S Y S T E M  ---------------

OS: Windows 10.0 , 64 bit Build 17134 (10.0.17134.1)

CPU:total 4 (initial active 4) (2 cores per cpu, 2 threads per core) family 6 model 61 stepping 4, cmov, cx8, fxsr, mmx, sse, sse2, sse3, ssse3, sse4.1, sse4.2, popcnt, avx, avx2, aes, clmul, erms, 3dnowpref, lzcnt, ht, tsc, tscinvbit, bmi1, bmi2, adx

Memory: 4k page, physical 4082796k(295000k free), swap 5510252k(6040k free)

vm_info: OpenJDK 64-Bit Server VM (25.152-b01) for windows-amd64 JRE (1.8.0_152-release-1248-b01), built by "builder" with MS VC++ 10.0 (VS2010)

time: Wed Jan 16 15:48:52 2019
elapsed time: 10 seconds (0d 0h 0m 10s)

