#
# There is insufficient memory for the Java Runtime Environment to continue.
# Native memory allocation (malloc) failed to allocate 32744 bytes for ChunkPool::allocate
# Possible reasons:
#   The system is out of physical RAM or swap space
#   In 32 bit mode, the process size limit was hit
# Possible solutions:
#   Reduce memory load on the system
#   Increase physical memory or swap space
#   Check if swap backing store is full
#   Use 64 bit Java on a 64 bit OS
#   Decrease Java heap size (-Xmx/-Xms)
#   Decrease number of Java threads
#   Decrease Java thread stack sizes (-Xss)
#   Set larger code cache with -XX:ReservedCodeCacheSize=
# This output file may be truncated or incomplete.
#
#  Out of Memory Error (allocation.cpp:273), pid=9756, tid=0x0000000000000e30
#
# JRE version: OpenJDK Runtime Environment (8.0_152-b01) (build 1.8.0_152-release-1248-b01)
# Java VM: OpenJDK 64-Bit Server VM (25.152-b01 mixed mode windows-amd64 compressed oops)
# Failed to write core dump. Minidumps are not enabled by default on client versions of Windows
#

---------------  T H R E A D  ---------------

Current thread (0x00000000167b3000):  JavaThread "C2 CompilerThread1" daemon [_thread_in_native, id=3632, stack(0x0000000017f00000,0x0000000018000000)]

Stack: [0x0000000017f00000,0x0000000018000000]
[error occurred during error reporting (printing stack bounds), id 0xc0000005]

Native frames: (J=compiled Java code, j=interpreted, Vv=VM code, C=native code)


Current CompileTask:
C2: 131675 7441   !   4       java.lang.reflect.Executable::sharedToGenericString (329 bytes)


---------------  P R O C E S S  ---------------

Java Threads: ( => current thread )
  0x000000001e4d6800 JavaThread "pool-1-thread-1" [_thread_blocked, id=10040, stack(0x00000000218b0000,0x00000000219b0000)]
  0x000000001e4d6000 JavaThread "Build operations Thread 4" [_thread_blocked, id=12200, stack(0x00000000210b0000,0x00000000211b0000)]
  0x000000001e4d4800 JavaThread "Build operations Thread 3" [_thread_blocked, id=12164, stack(0x0000000020fb0000,0x00000000210b0000)]
  0x000000001e4d5000 JavaThread "Build operations Thread 2" [_thread_blocked, id=10708, stack(0x00000000209b0000,0x0000000020ab0000)]
  0x00000000194f0000 JavaThread "Build operations" [_thread_blocked, id=12016, stack(0x00000000208b0000,0x00000000209b0000)]
  0x00000000194ee800 JavaThread "Cache worker for Artifact transforms cache (C:\Users\Akluv\.gradle\caches\transforms-1)" [_thread_blocked, id=10300, stack(0x00000000201b0000,0x00000000202b0000)]
  0x00000000194f1800 JavaThread "Cache worker for cache directory md-rule (C:\Users\Akluv\.gradle\caches\4.10.1\md-rule)" [_thread_blocked, id=1780, stack(0x00000000200b0000,0x00000000201b0000)]
  0x00000000194ee000 JavaThread "Cache worker for cache directory md-supplier (C:\Users\Akluv\.gradle\caches\4.10.1\md-supplier)" [_thread_blocked, id=11248, stack(0x000000001e770000,0x000000001e870000)]
  0x00000000194eb800 JavaThread "Cache worker for journal cache (C:\Users\Akluv\.gradle\caches\journal-1)" [_thread_blocked, id=2064, stack(0x000000001d680000,0x000000001d780000)]
  0x00000000194eb000 JavaThread "Cache worker for file hash cache (C:\Users\Akluv\Desktop\FirebaseSampleApp\.gradle\4.10.1\fileHashes)" [_thread_blocked, id=7632, stack(0x000000001c320000,0x000000001c420000)]
  0x0000000018e6a800 JavaThread "File lock request listener" [_thread_in_native, id=5520, stack(0x000000001c220000,0x000000001c320000)]
  0x000000001af88800 JavaThread "Cache worker for file hash cache (C:\Users\Akluv\.gradle\caches\4.10.1\fileHashes)" [_thread_blocked, id=5396, stack(0x000000001c120000,0x000000001c220000)]
  0x0000000018242800 JavaThread "Asynchronous log dispatcher for DefaultDaemonConnection: socket connection from /127.0.0.1:4605 to /127.0.0.1:4606" [_thread_blocked, id=8828, stack(0x000000001ad50000,0x000000001ae50000)]
  0x000000001823d000 JavaThread "Daemon worker" [_thread_in_native, id=5188, stack(0x000000001aa50000,0x000000001ab50000)]
  0x00000000182b4800 JavaThread "Cancel handler" [_thread_blocked, id=232, stack(0x000000001a950000,0x000000001aa50000)]
  0x00000000167ca000 JavaThread "Handler for socket connection from /127.0.0.1:4605 to /127.0.0.1:4606" [_thread_in_native, id=8360, stack(0x000000001a850000,0x000000001a950000)]
  0x00000000167c7800 JavaThread "Daemon" [_thread_blocked, id=3780, stack(0x000000001a750000,0x000000001a850000)]
  0x0000000019752800 JavaThread "Daemon periodic checks" [_thread_blocked, id=5488, stack(0x000000001a650000,0x000000001a750000)]
  0x000000001974b800 JavaThread "Incoming local TCP Connector on port 4605" [_thread_in_native, id=3164, stack(0x000000001a410000,0x000000001a510000)]
  0x000000001680d800 JavaThread "Service Thread" daemon [_thread_blocked, id=4772, stack(0x0000000018500000,0x0000000018600000)]
  0x00000000167bb000 JavaThread "C1 CompilerThread2" daemon [_thread_blocked, id=6796, stack(0x0000000018000000,0x0000000018100000)]
=>0x00000000167b3000 JavaThread "C2 CompilerThread1" daemon [_thread_in_native, id=3632, stack(0x0000000017f00000,0x0000000018000000)]
  0x00000000167ae000 JavaThread "C2 CompilerThread0" daemon [_thread_in_native, id=1540, stack(0x0000000017e00000,0x0000000017f00000)]
  0x00000000167ab800 JavaThread "Attach Listener" daemon [_thread_blocked, id=3648, stack(0x0000000017d00000,0x0000000017e00000)]
  0x00000000167aa800 JavaThread "Signal Dispatcher" daemon [_thread_blocked, id=11364, stack(0x0000000017c00000,0x0000000017d00000)]
  0x0000000002e3c800 JavaThread "Finalizer" daemon [_thread_blocked, id=9068, stack(0x0000000017a10000,0x0000000017b10000)]
  0x0000000002e31800 JavaThread "Reference Handler" daemon [_thread_blocked, id=4220, stack(0x0000000017910000,0x0000000017a10000)]
  0x0000000002c3e800 JavaThread "main" [_thread_blocked, id=12020, stack(0x0000000002c40000,0x0000000002d40000)]

Other Threads:
  0x0000000016778000 VMThread [stack: 0x0000000017810000,0x0000000017910000] [id=3520]
  0x000000001680e800 WatcherThread [stack: 0x0000000018600000,0x0000000018700000] [id=10968]

VM state:not at safepoint (normal execution)

VM Mutex/Monitor currently owned by a thread: None

Heap:
 PSYoungGen      total 198656K, used 68674K [0x00000000e0000000, 0x00000000edb80000, 0x0000000100000000)
  eden space 182272K, 37% used [0x00000000e0000000,0x00000000e4310950,0x00000000eb200000)
  from space 16384K, 0% used [0x00000000ec380000,0x00000000ec380000,0x00000000ed380000)
  to   space 17920K, 0% used [0x00000000eb200000,0x00000000eb200000,0x00000000ec380000)
 ParOldGen       total 51712K, used 42513K [0x00000000a0000000, 0x00000000a3280000, 0x00000000e0000000)
  object space 51712K, 82% used [0x00000000a0000000,0x00000000a2984638,0x00000000a3280000)
 Metaspace       used 62307K, capacity 63822K, committed 64024K, reserved 1103872K
  class space    used 8213K, capacity 8658K, committed 8744K, reserved 1048576K

Card table byte_map: [0x0000000012200000,0x0000000012510000] byte_map_base: 0x0000000011d00000

Marking Bits: (ParMarkBitMap*) 0x0000000074d05aa0
 Begin Bits: [0x0000000012b10000, 0x0000000014310000)
 End Bits:   [0x0000000014310000, 0x0000000015b10000)

Polling page: 0x00000000009d0000

CodeCache: size=245760Kb used=22332Kb max_used=22332Kb free=223427Kb
 bounds [0x0000000002e40000, 0x0000000004440000, 0x0000000011e40000]
 total_blobs=7216 nmethods=6386 adapters=742
 compilation: enabled

Compilation events (10 events):
Event: 131.623 Thread 0x00000000167bb000 7475       3       org.codehaus.groovy.runtime.MetaClassHelper::getMaximumInterfaceDistance (101 bytes)
Event: 131.623 Thread 0x00000000167bb000 nmethod 7475 0x000000000334e210 code [0x000000000334e3e0, 0x000000000334ea38]
Event: 131.634 Thread 0x00000000167bb000 7476   !   3       org.codehaus.groovy.reflection.CachedClass::makeAccessible (92 bytes)
Event: 131.635 Thread 0x00000000167bb000 nmethod 7476 0x000000000334cad0 code [0x000000000334cd00, 0x000000000334daa8]
Event: 131.635 Thread 0x00000000167bb000 7477       3       sun.reflect.generics.tree.SimpleClassTypeSignature::accept (8 bytes)
Event: 131.636 Thread 0x00000000167bb000 nmethod 7477 0x000000000334c150 code [0x000000000334c300, 0x000000000334c788]
Event: 131.636 Thread 0x00000000167bb000 7478       3       sun.reflect.generics.visitor.Reifier::visitSimpleClassTypeSignature (18 bytes)
Event: 131.637 Thread 0x00000000167bb000 nmethod 7478 0x000000000334b990 code [0x000000000334bb20, 0x000000000334bec8]
Event: 131.638 Thread 0x00000000167bb000 7479       3       groovy.lang.MetaClassImpl::filterPropertyMethod (305 bytes)
Event: 131.640 Thread 0x00000000167bb000 nmethod 7479 0x0000000003349350 code [0x0000000003349640, 0x000000000334b0e8]

GC Heap History (10 events):
Event: 108.887 GC heap before
{Heap before GC invocations=17 (full 2):
 PSYoungGen      total 148480K, used 142036K [0x00000000e0000000, 0x00000000e9c80000, 0x0000000100000000)
  eden space 140800K, 100% used [0x00000000e0000000,0x00000000e8980000,0x00000000e8980000)
  from space 7680K, 16% used [0x00000000e9500000,0x00000000e96353b0,0x00000000e9c80000)
  to   space 9728K, 0% used [0x00000000e8980000,0x00000000e8980000,0x00000000e9300000)
 ParOldGen       total 51712K, used 18424K [0x00000000a0000000, 0x00000000a3280000, 0x00000000e0000000)
  object space 51712K, 35% used [0x00000000a0000000,0x00000000a11fe010,0x00000000a3280000)
 Metaspace       used 37906K, capacity 38550K, committed 38824K, reserved 1083392K
  class space    used 5012K, capacity 5228K, committed 5288K, reserved 1048576K
Event: 108.892 GC heap after
Heap after GC invocations=17 (full 2):
 PSYoungGen      total 150528K, used 1091K [0x00000000e0000000, 0x00000000eb700000, 0x0000000100000000)
  eden space 140800K, 0% used [0x00000000e0000000,0x00000000e0000000,0x00000000e8980000)
  from space 9728K, 11% used [0x00000000e8980000,0x00000000e8a90d20,0x00000000e9300000)
  to   space 9728K, 0% used [0x00000000ead80000,0x00000000ead80000,0x00000000eb700000)
 ParOldGen       total 51712K, used 18424K [0x00000000a0000000, 0x00000000a3280000, 0x00000000e0000000)
  object space 51712K, 35% used [0x00000000a0000000,0x00000000a11fe010,0x00000000a3280000)
 Metaspace       used 37906K, capacity 38550K, committed 38824K, reserved 1083392K
  class space    used 5012K, capacity 5228K, committed 5288K, reserved 1048576K
}
Event: 113.191 GC heap before
{Heap before GC invocations=18 (full 2):
 PSYoungGen      total 150528K, used 141891K [0x00000000e0000000, 0x00000000eb700000, 0x0000000100000000)
  eden space 140800K, 100% used [0x00000000e0000000,0x00000000e8980000,0x00000000e8980000)
  from space 9728K, 11% used [0x00000000e8980000,0x00000000e8a90d20,0x00000000e9300000)
  to   space 9728K, 0% used [0x00000000ead80000,0x00000000ead80000,0x00000000eb700000)
 ParOldGen       total 51712K, used 18424K [0x00000000a0000000, 0x00000000a3280000, 0x00000000e0000000)
  object space 51712K, 35% used [0x00000000a0000000,0x00000000a11fe010,0x00000000a3280000)
 Metaspace       used 40596K, capacity 41240K, committed 41384K, reserved 1085440K
  class space    used 5301K, capacity 5524K, committed 5544K, reserved 1048576K
Event: 113.201 GC heap after
Heap after GC invocations=18 (full 2):
 PSYoungGen      total 170496K, used 4624K [0x00000000e0000000, 0x00000000eb300000, 0x0000000100000000)
  eden space 164864K, 0% used [0x00000000e0000000,0x00000000e0000000,0x00000000ea100000)
  from space 5632K, 82% used [0x00000000ead80000,0x00000000eb2042c0,0x00000000eb300000)
  to   space 9216K, 0% used [0x00000000ea100000,0x00000000ea100000,0x00000000eaa00000)
 ParOldGen       total 51712K, used 18432K [0x00000000a0000000, 0x00000000a3280000, 0x00000000e0000000)
  object space 51712K, 35% used [0x00000000a0000000,0x00000000a1200010,0x00000000a3280000)
 Metaspace       used 40596K, capacity 41240K, committed 41384K, reserved 1085440K
  class space    used 5301K, capacity 5524K, committed 5544K, reserved 1048576K
}
Event: 125.378 GC heap before
{Heap before GC invocations=19 (full 2):
 PSYoungGen      total 170496K, used 169488K [0x00000000e0000000, 0x00000000eb300000, 0x0000000100000000)
  eden space 164864K, 100% used [0x00000000e0000000,0x00000000ea100000,0x00000000ea100000)
  from space 5632K, 82% used [0x00000000ead80000,0x00000000eb2042c0,0x00000000eb300000)
  to   space 9216K, 0% used [0x00000000ea100000,0x00000000ea100000,0x00000000eaa00000)
 ParOldGen       total 51712K, used 18432K [0x00000000a0000000, 0x00000000a3280000, 0x00000000e0000000)
  object space 51712K, 35% used [0x00000000a0000000,0x00000000a1200010,0x00000000a3280000)
 Metaspace       used 53917K, capacity 55100K, committed 55464K, reserved 1097728K
  class space    used 7069K, capacity 7470K, committed 7592K, reserved 1048576K
Event: 125.431 GC heap after
Heap after GC invocations=19 (full 2):
 PSYoungGen      total 174080K, used 9212K [0x00000000e0000000, 0x00000000ed380000, 0x0000000100000000)
  eden space 164864K, 0% used [0x00000000e0000000,0x00000000e0000000,0x00000000ea100000)
  from space 9216K, 99% used [0x00000000ea100000,0x00000000ea9ff3c0,0x00000000eaa00000)
  to   space 16384K, 0% used [0x00000000ec380000,0x00000000ec380000,0x00000000ed380000)
 ParOldGen       total 51712K, used 32883K [0x00000000a0000000, 0x00000000a3280000, 0x00000000e0000000)
  object space 51712K, 63% used [0x00000000a0000000,0x00000000a201cc38,0x00000000a3280000)
 Metaspace       used 53917K, capacity 55100K, committed 55464K, reserved 1097728K
  class space    used 7069K, capacity 7470K, committed 7592K, reserved 1048576K
}
Event: 129.102 GC heap before
{Heap before GC invocations=20 (full 2):
 PSYoungGen      total 174080K, used 66992K [0x00000000e0000000, 0x00000000ed380000, 0x0000000100000000)
  eden space 164864K, 35% used [0x00000000e0000000,0x00000000e386ce40,0x00000000ea100000)
  from space 9216K, 99% used [0x00000000ea100000,0x00000000ea9ff3c0,0x00000000eaa00000)
  to   space 16384K, 0% used [0x00000000ec380000,0x00000000ec380000,0x00000000ed380000)
 ParOldGen       total 51712K, used 32883K [0x00000000a0000000, 0x00000000a3280000, 0x00000000e0000000)
  object space 51712K, 63% used [0x00000000a0000000,0x00000000a201cc38,0x00000000a3280000)
 Metaspace       used 57650K, capacity 59058K, committed 59160K, reserved 1099776K
  class space    used 7526K, capacity 7949K, committed 7976K, reserved 1048576K
Event: 129.148 GC heap after
Heap after GC invocations=20 (full 2):
 PSYoungGen      total 198656K, used 12981K [0x00000000e0000000, 0x00000000edb80000, 0x0000000100000000)
  eden space 182272K, 0% used [0x00000000e0000000,0x00000000e0000000,0x00000000eb200000)
  from space 16384K, 79% used [0x00000000ec380000,0x00000000ed02d6e8,0x00000000ed380000)
  to   space 17920K, 0% used [0x00000000eb200000,0x00000000eb200000,0x00000000ec380000)
 ParOldGen       total 51712K, used 33088K [0x00000000a0000000, 0x00000000a3280000, 0x00000000e0000000)
  object space 51712K, 63% used [0x00000000a0000000,0x00000000a2050020,0x00000000a3280000)
 Metaspace       used 57650K, capacity 59058K, committed 59160K, reserved 1099776K
  class space    used 7526K, capacity 7949K, committed 7976K, reserved 1048576K
}
Event: 129.148 GC heap before
{Heap before GC invocations=21 (full 3):
 PSYoungGen      total 198656K, used 12981K [0x00000000e0000000, 0x00000000edb80000, 0x0000000100000000)
  eden space 182272K, 0% used [0x00000000e0000000,0x00000000e0000000,0x00000000eb200000)
  from space 16384K, 79% used [0x00000000ec380000,0x00000000ed02d6e8,0x00000000ed380000)
  to   space 17920K, 0% used [0x00000000eb200000,0x00000000eb200000,0x00000000ec380000)
 ParOldGen       total 51712K, used 33088K [0x00000000a0000000, 0x00000000a3280000, 0x00000000e0000000)
  object space 51712K, 63% used [0x00000000a0000000,0x00000000a2050020,0x00000000a3280000)
 Metaspace       used 57650K, capacity 59058K, committed 59160K, reserved 1099776K
  class space    used 7526K, capacity 7949K, committed 7976K, reserved 1048576K
Event: 129.517 GC heap after
Heap after GC invocations=21 (full 3):
 PSYoungGen      total 198656K, used 0K [0x00000000e0000000, 0x00000000edb80000, 0x0000000100000000)
  eden space 182272K, 0% used [0x00000000e0000000,0x00000000e0000000,0x00000000eb200000)
  from space 16384K, 0% used [0x00000000ec380000,0x00000000ec380000,0x00000000ed380000)
  to   space 17920K, 0% used [0x00000000eb200000,0x00000000eb200000,0x00000000ec380000)
 ParOldGen       total 51712K, used 42513K [0x00000000a0000000, 0x00000000a3280000, 0x00000000e0000000)
  object space 51712K, 82% used [0x00000000a0000000,0x00000000a2984638,0x00000000a3280000)
 Metaspace       used 57608K, capacity 58948K, committed 59160K, reserved 1099776K
  class space    used 7513K, capacity 7935K, committed 7976K, reserved 1048576K
}

Deoptimization events (10 events):
Event: 129.520 Thread 0x0000000002e3c800 Uncommon trap: reason=unstable_if action=reinterpret pc=0x0000000003c6bd2c method=com.sun.crypto.provider.CipherCore.getOutputSizeByOperation(IZ)I @ 73
Event: 129.520 Thread 0x0000000002e3c800 Uncommon trap: reason=unstable_if action=reinterpret pc=0x0000000003c7509c method=com.sun.crypto.provider.CipherCore.getOutputSizeByOperation(IZ)I @ 73
Event: 129.520 Thread 0x0000000002e3c800 Uncommon trap: reason=unstable_if action=reinterpret pc=0x0000000003b6b0a0 method=com.sun.crypto.provider.GaloisCounterMode.decryptFinal([BII[BI)I @ 5
Event: 129.528 Thread 0x0000000002e3c800 Uncommon trap: reason=unstable_if action=reinterpret pc=0x0000000002f80328 method=java.util.HashMap$HashIterator.<init>(Ljava/util/HashMap;)V @ 45
Event: 129.528 Thread 0x0000000002e3c800 Uncommon trap: reason=unstable_if action=reinterpret pc=0x0000000002f5a56c method=java.util.HashMap$HashIterator.<init>(Ljava/util/HashMap;)V @ 45
Event: 129.528 Thread 0x0000000002e3c800 Uncommon trap: reason=unstable_if action=reinterpret pc=0x00000000033b5154 method=java.util.HashMap$HashIterator.<init>(Ljava/util/HashMap;)V @ 45
Event: 130.055 Thread 0x000000001823d000 Uncommon trap: reason=unstable_if action=reinterpret pc=0x0000000002ffb964 method=java.lang.String.lastIndexOf([CII[CIII)I @ 17
Event: 131.537 Thread 0x000000001823d000 Uncommon trap: reason=bimorphic action=maybe_recompile pc=0x0000000002fd43e4 method=groovy.lang.MetaClassImpl.filterPropertyMethod(Ljava/lang/Object;ZZ)Ljava/lang/Object; @ 38
Event: 131.604 Thread 0x000000001823d000 Uncommon trap: reason=unstable_if action=reinterpret pc=0x0000000002fd436c method=groovy.lang.MetaClassImpl.filterPropertyMethod(Ljava/lang/Object;ZZ)Ljava/lang/Object; @ 187
Event: 131.633 Thread 0x000000001823d000 Uncommon trap: reason=unstable_if action=reinterpret pc=0x00000000037c9690 method=java.lang.reflect.AccessibleObject.setAccessible0(Ljava/lang/reflect/AccessibleObject;Z)V @ 23

Classes redefined (0 events):
No events

Internal exceptions (10 events):
Event: 131.536 Thread 0x000000001823d000 Exception <a 'java/lang/ClassNotFoundException': java/util/regex/MatcherCustomizer> (0x00000000e3feb830) thrown at [D:\src\AOSP-openjdk-cygwin\jdk8u\hotspot\src\share\vm\classfile\systemDictionary.cpp, line 210]
Event: 131.550 Thread 0x000000001823d000 Exception <a 'java/lang/ClassNotFoundException': java/util/CollectionsBeanInfo> (0x00000000e4037608) thrown at [D:\src\AOSP-openjdk-cygwin\jdk8u\hotspot\src\share\vm\classfile\systemDictionary.cpp, line 210]
Event: 131.550 Thread 0x000000001823d000 Exception <a 'java/lang/ClassNotFoundException': java/util/CollectionsCustomizer> (0x00000000e40406d0) thrown at [D:\src\AOSP-openjdk-cygwin\jdk8u\hotspot\src\share\vm\classfile\systemDictionary.cpp, line 210]
Event: 131.598 Thread 0x000000001823d000 Exception <a 'java/lang/ClassNotFoundException': org/codehaus/groovy/runtime/NullObjectBeanInfo> (0x00000000e4131230) thrown at [D:\src\AOSP-openjdk-cygwin\jdk8u\hotspot\src\share\vm\classfile\systemDictionary.cpp, line 210]
Event: 131.599 Thread 0x000000001823d000 Exception <a 'java/lang/ClassNotFoundException': org/codehaus/groovy/runtime/NullObjectCustomizer> (0x00000000e415e188) thrown at [D:\src\AOSP-openjdk-cygwin\jdk8u\hotspot\src\share\vm\classfile\systemDictionary.cpp, line 210]
Event: 131.603 Thread 0x000000001823d000 Exception <a 'java/lang/ClassNotFoundException': java/lang/StringBeanInfo> (0x00000000e4193648) thrown at [D:\src\AOSP-openjdk-cygwin\jdk8u\hotspot\src\share\vm\classfile\systemDictionary.cpp, line 210]
Event: 131.603 Thread 0x000000001823d000 Exception <a 'java/lang/ClassNotFoundException': java/lang/StringCustomizer> (0x00000000e419bad0) thrown at [D:\src\AOSP-openjdk-cygwin\jdk8u\hotspot\src\share\vm\classfile\systemDictionary.cpp, line 210]
Event: 131.633 Thread 0x000000001823d000 Exception <a 'java/lang/SecurityException'> (0x00000000e4224510) thrown at [D:\src\AOSP-openjdk-cygwin\jdk8u\hotspot\src\share\vm\prims\jvm.cpp, line 1394]
Event: 131.634 Thread 0x000000001823d000 Exception <a 'java/lang/ClassNotFoundException': java/lang/ClassBeanInfo> (0x00000000e4237700) thrown at [D:\src\AOSP-openjdk-cygwin\jdk8u\hotspot\src\share\vm\classfile\systemDictionary.cpp, line 210]
Event: 131.635 Thread 0x000000001823d000 Exception <a 'java/lang/ClassNotFoundException': java/lang/ClassCustomizer> (0x00000000e423fb88) thrown at [D:\src\AOSP-openjdk-cygwin\jdk8u\hotspot\src\share\vm\classfile\systemDictionary.cpp, line 210]

Events (10 events):
Event: 131.634 loading class java/lang/ClassBeanInfo done
Event: 131.634 loading class java/lang/ClassBeanInfo
Event: 131.634 loading class java/lang/ClassBeanInfo done
Event: 131.634 loading class java/lang/ClassCustomizer
Event: 131.634 loading class java/lang/ClassCustomizer done
Event: 131.635 loading class java/lang/ClassCustomizer
Event: 131.635 loading class java/lang/ClassCustomizer done
Event: 131.638 loading class groovy/lang/ProxyMetaClass
Event: 131.638 loading class groovy/lang/ProxyMetaClass done
Event: 131.647 loading class java/util/OptionalInt


Dynamic libraries:
0x00007ff695530000 - 0x00007ff695561000 	C:\Program Files\Android\Android Studio\jre\bin\java.exe
0x00007ffbf3aa0000 - 0x00007ffbf3c81000 	C:\WINDOWS\SYSTEM32\ntdll.dll
0x00007ffbf3440000 - 0x00007ffbf34f2000 	C:\WINDOWS\System32\KERNEL32.DLL
0x00007ffbf0890000 - 0x00007ffbf0b03000 	C:\WINDOWS\System32\KERNELBASE.dll
0x00007ffbf38a0000 - 0x00007ffbf3941000 	C:\WINDOWS\System32\ADVAPI32.dll
0x00007ffbf39d0000 - 0x00007ffbf3a6e000 	C:\WINDOWS\System32\msvcrt.dll
0x00007ffbf2fe0000 - 0x00007ffbf303b000 	C:\WINDOWS\System32\sechost.dll
0x00007ffbf3770000 - 0x00007ffbf3894000 	C:\WINDOWS\System32\RPCRT4.dll
0x00007ffbf1040000 - 0x00007ffbf11d0000 	C:\WINDOWS\System32\USER32.dll
0x00007ffbf0160000 - 0x00007ffbf0180000 	C:\WINDOWS\System32\win32u.dll
0x00007ffbf0f30000 - 0x00007ffbf0f58000 	C:\WINDOWS\System32\GDI32.dll
0x00007ffbf0b10000 - 0x00007ffbf0ca2000 	C:\WINDOWS\System32\gdi32full.dll
0x00007ffbf0060000 - 0x00007ffbf00ff000 	C:\WINDOWS\System32\msvcp_win.dll
0x00007ffbf0e30000 - 0x00007ffbf0f2a000 	C:\WINDOWS\System32\ucrtbase.dll
0x00007ffbda970000 - 0x00007ffbdabd9000 	C:\WINDOWS\WinSxS\amd64_microsoft.windows.common-controls_6595b64144ccf1df_6.0.17134.407_none_fb449d63306391e9\COMCTL32.dll
0x00007ffbf3110000 - 0x00007ffbf3432000 	C:\WINDOWS\System32\combase.dll
0x00007ffbf0db0000 - 0x00007ffbf0e2a000 	C:\WINDOWS\System32\bcryptPrimitives.dll
0x00007ffbf3740000 - 0x00007ffbf376d000 	C:\WINDOWS\System32\IMM32.DLL
0x0000000074460000 - 0x0000000074532000 	C:\Program Files\Android\Android Studio\jre\jre\bin\msvcr100.dll
0x0000000074540000 - 0x0000000074d81000 	C:\Program Files\Android\Android Studio\jre\jre\bin\server\jvm.dll
0x00007ffbf2830000 - 0x00007ffbf2838000 	C:\WINDOWS\System32\PSAPI.DLL
0x00007ffbea0b0000 - 0x00007ffbea0b9000 	C:\WINDOWS\SYSTEM32\WSOCK32.dll
0x00007ffbeb500000 - 0x00007ffbeb523000 	C:\WINDOWS\SYSTEM32\WINMM.dll
0x00007ffbe6120000 - 0x00007ffbe612a000 	C:\WINDOWS\SYSTEM32\VERSION.dll
0x00007ffbeb4d0000 - 0x00007ffbeb4fa000 	C:\WINDOWS\SYSTEM32\WINMMBASE.dll
0x0000000002ae0000 - 0x0000000002b4c000 	C:\WINDOWS\System32\ws2_32.DLL
0x00007ffbf0cb0000 - 0x00007ffbf0cf9000 	C:\WINDOWS\System32\cfgmgr32.dll
0x00007ffbec2d0000 - 0x00007ffbec2df000 	C:\Program Files\Android\Android Studio\jre\jre\bin\verify.dll
0x00007ffbeb540000 - 0x00007ffbeb569000 	C:\Program Files\Android\Android Studio\jre\jre\bin\java.dll
0x00007ffbeb260000 - 0x00007ffbeb276000 	C:\Program Files\Android\Android Studio\jre\jre\bin\zip.dll
0x00007ffbf1230000 - 0x00007ffbf266f000 	C:\WINDOWS\System32\SHELL32.dll
0x00007ffbf3510000 - 0x00007ffbf35b9000 	C:\WINDOWS\System32\shcore.dll
0x00007ffbf0180000 - 0x00007ffbf088d000 	C:\WINDOWS\System32\windows.storage.dll
0x00007ffbf2d80000 - 0x00007ffbf2dd1000 	C:\WINDOWS\System32\shlwapi.dll
0x00007ffbefdd0000 - 0x00007ffbefde1000 	C:\WINDOWS\System32\kernel.appcore.dll
0x00007ffbefdb0000 - 0x00007ffbefdcf000 	C:\WINDOWS\System32\profapi.dll
0x00007ffbefe00000 - 0x00007ffbefe4c000 	C:\WINDOWS\System32\powrprof.dll
0x00007ffbefdf0000 - 0x00007ffbefdfa000 	C:\WINDOWS\System32\FLTLIB.DLL
0x00007ffbeb1c0000 - 0x00007ffbeb1da000 	C:\Program Files\Android\Android Studio\jre\jre\bin\net.dll
0x00007ffbef630000 - 0x00007ffbef696000 	C:\WINDOWS\system32\mswsock.dll
0x00007ffbea1c0000 - 0x00007ffbea1d1000 	C:\Program Files\Android\Android Studio\jre\jre\bin\nio.dll
0x00007ffbe4ee0000 - 0x00007ffbe4efe000 	C:\Users\Akluv\.gradle\native\25\windows-amd64\native-platform.dll
0x00007ffbeb240000 - 0x00007ffbeb24d000 	C:\Program Files\Android\Android Studio\jre\jre\bin\management.dll
0x00007ffbef7f0000 - 0x00007ffbef807000 	C:\WINDOWS\SYSTEM32\CRYPTSP.dll
0x00007ffbef210000 - 0x00007ffbef243000 	C:\WINDOWS\system32\rsaenh.dll
0x00007ffbef910000 - 0x00007ffbef935000 	C:\WINDOWS\SYSTEM32\bcrypt.dll
0x00007ffbefcb0000 - 0x00007ffbefcd8000 	C:\WINDOWS\SYSTEM32\USERENV.dll
0x00007ffbef7e0000 - 0x00007ffbef7eb000 	C:\WINDOWS\SYSTEM32\CRYPTBASE.dll
0x00007ffbef3b0000 - 0x00007ffbef3e8000 	C:\WINDOWS\SYSTEM32\IPHLPAPI.DLL
0x00007ffbf3500000 - 0x00007ffbf3508000 	C:\WINDOWS\System32\NSI.dll
0x00007ffbe7420000 - 0x00007ffbe7436000 	C:\WINDOWS\SYSTEM32\dhcpcsvc6.DLL
0x00007ffbe7400000 - 0x00007ffbe741a000 	C:\WINDOWS\SYSTEM32\dhcpcsvc.DLL
0x00007ffbe2d20000 - 0x00007ffbe2d44000 	C:\Program Files\Android\Android Studio\jre\jre\bin\sunec.dll
0x00007ffbef3f0000 - 0x00007ffbef4ae000 	C:\WINDOWS\SYSTEM32\DNSAPI.dll
0x00007ffbe3770000 - 0x00007ffbe377a000 	C:\Windows\System32\rasadhlp.dll
0x00007ffbe3b10000 - 0x00007ffbe3b82000 	C:\WINDOWS\System32\fwpuclnt.dll
0x00007ffbe9910000 - 0x00007ffbe991b000 	C:\Program Files\Android\Android Studio\jre\jre\bin\sunmscapi.dll
0x00007ffbefe70000 - 0x00007ffbf0052000 	C:\WINDOWS\System32\CRYPT32.dll
0x00007ffbefe50000 - 0x00007ffbefe62000 	C:\WINDOWS\System32\MSASN1.dll

VM Arguments:
jvm_args: -Xmx1536m -Dfile.encoding=windows-1252 -Duser.country=IN -Duser.language=en -Duser.variant 
java_command: org.gradle.launcher.daemon.bootstrap.GradleDaemon 4.10.1
java_class_path (initial): C:\Users\Akluv\.gradle\wrapper\dists\gradle-4.10.1-all\455itskqi2qtf0v2sja68alqd\gradle-4.10.1\lib\gradle-launcher-4.10.1.jar
Launcher Type: SUN_STANDARD

Environment Variables:
CLASSPATH=.;C:\PROGRA~1\IBM\SQLLIB\java\db2java.zip;C:\PROGRA~1\IBM\SQLLIB\java\db2jcc.jar;C:\PROGRA~1\IBM\SQLLIB\java\sqlj.zip;C:\PROGRA~1\IBM\SQLLIB\java\DB2JCC~1.JAR;C:\PROGRA~1\IBM\SQLLIB\BIN;C:\PROGRA~1\IBM\SQLLIB\java\Common.jar;C:\Program Files (x86)\apache-maven-3.5.3\bin
PATH=C:\Program Files (x86)\Common Files\Oracle\Java\javapath;C:\Program Files (x86)\NVIDIA Corporation\PhysX\Common;C:\ProgramData\Oracle\Java\javapath;C:\Program Files (x86)\Intel\iCLS Client\;C:\Program Files\Intel\iCLS Client\;C:\Windows\system32;C:\Windows;C:\Windows\System32\Wbem;C:\Windows\System32\WindowsPowerShell\v1.0\;C:\Program Files (x86)\Intel\Intel(R) Management Engine Components\DAL;C:\Program Files\Intel\Intel(R) Management Engine Components\DAL;C:\Program Files (x86)\Intel\Intel(R) Management Engine Components\IPT;C:\Program Files\Intel\Intel(R) Management Engine Components\IPT;C:\Program Files\Microsoft\Web Platform Installer\;C:\Program Files (x86)\Microsoft ASP.NET\ASP.NET Web Pages\v1.0\;C:\Program Files (x86)\Windows Kits\8.0\Windows Performance Toolkit\;C:\Program Files\Microsoft SQL Server\110\Tools\Binn\;C:\Program Files (x86)\Microsoft SQL Server\110\Tools\Binn\;C:\Program Files\Microsoft SQL Server\110\DTS\Binn\;E:\Andy\common;C:\PROGRA~1\IBM\SQLLIB\BIN;C:\PROGRA~1\IBM\SQLLIB\FUNCTION;C:\PROGRA~1\IBM\SQLLIB\SAMPLES\REPL;C:\Users\Akluv\AppData;C:\Program Files (x86)\node-v7.3.0-win-x64;C:\Program Files\IBM\MobileFirst-CLI;C:\WINDOWS\system32;C:\WINDOWS;C:\WINDOWS\System32\Wbem;C:\WINDOWS\System32\WindowsPowerShell\v1.0\;C:\WINDOWS\System32\OpenSSH\;C:\Program Files\nodejs\;C:\Program Files (x86)\PuTTY\;C:\Program Files\Git\cmd;C:\Users\Akluv\AppData\Local\Programs\Python\Python36\Scripts\;C:\Users\Akluv\AppData\Local\Programs\Python\Python36\;C:\Users\Akluv\Anaconda3;C:\Users\Akluv\Anaconda3\Library\mingw-w64\bin;C:\Users\Akluv\Anaconda3\Library\usr\bin;C:\Users\Akluv\Anaconda3\Library\bin;C:\Users\Akluv\Anaconda3\Scripts;C:\Users\Akluv\AppData\Local\Microsoft\WindowsApps;C:\Users\Akluv\AppData\Local\Programs\MiKTeX 2.9\miktex\bin\x64\;E:\Microsoft VS Code\bin;C:\Users\Akluv\AppData\Roaming\npm
USERNAME=Akluv
OS=Windows_NT
PROCESSOR_IDENTIFIER=Intel64 Family 6 Model 61 Stepping 4, GenuineIntel



---------------  S Y S T E M  ---------------

OS: Windows 10.0 , 64 bit Build 17134 (10.0.17134.1)

CPU:total 4 (initial active 4) (2 cores per cpu, 2 threads per core) family 6 model 61 stepping 4, cmov, cx8, fxsr, mmx, sse, sse2, sse3, ssse3, sse4.1, sse4.2, popcnt, avx, avx2, aes, clmul, erms, 3dnowpref, lzcnt, ht, tsc, tscinvbit, bmi1, bmi2, adx

Memory: 4k page, physical 4082796k(165000k free), swap 5510252k(5192k free)

vm_info: OpenJDK 64-Bit Server VM (25.152-b01) for windows-amd64 JRE (1.8.0_152-release-1248-b01), built by "builder" with MS VC++ 10.0 (VS2010)

time: Wed Jan 16 15:38:00 2019
elapsed time: 131 seconds (0d 0h 2m 11s)

