#
# There is insufficient memory for the Java Runtime Environment to continue.
# Native memory allocation (malloc) failed to allocate 552816 bytes for Chunk::new
# Possible reasons:
#   The system is out of physical RAM or swap space
#   In 32 bit mode, the process size limit was hit
# Possible solutions:
#   Reduce memory load on the system
#   Increase physical memory or swap space
#   Check if swap backing store is full
#   Use 64 bit Java on a 64 bit OS
#   Decrease Java heap size (-Xmx/-Xms)
#   Decrease number of Java threads
#   Decrease Java thread stack sizes (-Xss)
#   Set larger code cache with -XX:ReservedCodeCacheSize=
# This output file may be truncated or incomplete.
#
#  Out of Memory Error (allocation.cpp:390), pid=11420, tid=0x0000000000000d74
#
# JRE version: OpenJDK Runtime Environment (8.0_152-b01) (build 1.8.0_152-release-1248-b01)
# Java VM: OpenJDK 64-Bit Server VM (25.152-b01 mixed mode windows-amd64 compressed oops)
# Failed to write core dump. Minidumps are not enabled by default on client versions of Windows
#

---------------  T H R E A D  ---------------

Current thread (0x000000001639c800):  JavaThread "C2 CompilerThread0" daemon [_thread_in_native, id=3444, stack(0x00000000179f0000,0x0000000017af0000)]

Stack: [0x00000000179f0000,0x0000000017af0000]
[error occurred during error reporting (printing stack bounds), id 0xc0000005]

Native frames: (J=compiled Java code, j=interpreted, Vv=VM code, C=native code)


Current CompileTask:
C2:  10044 2064   !   4       java.net.URL::<init> (543 bytes)


---------------  P R O C E S S  ---------------

Java Threads: ( => current thread )
  0x00000000192f2000 JavaThread "Cache worker for Artifact transforms cache (C:\Users\Akluv\.gradle\caches\transforms-1)" [_thread_blocked, id=3136, stack(0x000000001fed0000,0x000000001ffd0000)]
  0x00000000192f0800 JavaThread "Cache worker for cache directory md-rule (C:\Users\Akluv\.gradle\caches\4.10.1\md-rule)" [_thread_blocked, id=9256, stack(0x000000001e920000,0x000000001ea20000)]
  0x00000000192f1000 JavaThread "Cache worker for cache directory md-supplier (C:\Users\Akluv\.gradle\caches\4.10.1\md-supplier)" [_thread_blocked, id=8640, stack(0x000000001e550000,0x000000001e650000)]
  0x00000000192f3800 JavaThread "Cache worker for journal cache (C:\Users\Akluv\.gradle\caches\journal-1)" [_thread_blocked, id=10688, stack(0x000000001e350000,0x000000001e450000)]
  0x00000000192f2800 JavaThread "Cache worker for file hash cache (C:\Users\Akluv\Desktop\FirebaseSampleApp\.gradle\4.10.1\fileHashes)" [_thread_blocked, id=11556, stack(0x000000001cee0000,0x000000001cfe0000)]
  0x0000000019ce9000 JavaThread "File lock request listener" [_thread_in_native, id=10188, stack(0x000000001be10000,0x000000001bf10000)]
  0x0000000019dcd000 JavaThread "Cache worker for file hash cache (C:\Users\Akluv\.gradle\caches\4.10.1\fileHashes)" [_thread_blocked, id=10160, stack(0x000000001bd10000,0x000000001be10000)]
  0x00000000190b0800 JavaThread "Stdin handler" [_thread_blocked, id=4108, stack(0x000000001ba10000,0x000000001bb10000)]
  0x00000000190af000 JavaThread "Asynchronous log dispatcher for DefaultDaemonConnection: socket connection from /127.0.0.1:5055 to /127.0.0.1:5056" [_thread_blocked, id=11700, stack(0x000000001b910000,0x000000001ba10000)]
  0x00000000190c9800 JavaThread "Daemon worker" [_thread_in_Java, id=9240, stack(0x000000001b610000,0x000000001b710000)]
  0x00000000193ae800 JavaThread "Cancel handler" [_thread_blocked, id=1124, stack(0x000000001b510000,0x000000001b610000)]
  0x000000001939f800 JavaThread "Handler for socket connection from /127.0.0.1:5055 to /127.0.0.1:5056" [_thread_in_native, id=772, stack(0x000000001b410000,0x000000001b510000)]
  0x0000000019394800 JavaThread "Daemon" [_thread_blocked, id=1268, stack(0x000000001b310000,0x000000001b410000)]
  0x0000000018db2000 JavaThread "Daemon periodic checks" [_thread_blocked, id=11892, stack(0x000000001b210000,0x000000001b310000)]
  0x0000000019115800 JavaThread "Incoming local TCP Connector on port 5055" [_thread_in_native, id=11856, stack(0x000000001afd0000,0x000000001b0d0000)]
  0x00000000163fe800 JavaThread "Service Thread" daemon [_thread_blocked, id=2724, stack(0x00000000180f0000,0x00000000181f0000)]
  0x00000000163a6000 JavaThread "C1 CompilerThread2" daemon [_thread_in_native, id=212, stack(0x0000000017bf0000,0x0000000017cf0000)]
  0x000000001639e000 JavaThread "C2 CompilerThread1" daemon [_thread_blocked, id=12240, stack(0x0000000017af0000,0x0000000017bf0000)]
=>0x000000001639c800 JavaThread "C2 CompilerThread0" daemon [_thread_in_native, id=3444, stack(0x00000000179f0000,0x0000000017af0000)]
  0x00000000163ab000 JavaThread "Attach Listener" daemon [_thread_blocked, id=6372, stack(0x00000000178f0000,0x00000000179f0000)]
  0x00000000163a8000 JavaThread "Signal Dispatcher" daemon [_thread_blocked, id=11804, stack(0x00000000177f0000,0x00000000178f0000)]
  0x0000000016389800 JavaThread "Finalizer" daemon [_thread_blocked, id=1180, stack(0x0000000017600000,0x0000000017700000)]
  0x0000000002953000 JavaThread "Reference Handler" daemon [_thread_blocked, id=1016, stack(0x0000000017500000,0x0000000017600000)]
  0x0000000002862800 JavaThread "main" [_thread_blocked, id=4740, stack(0x00000000026f0000,0x00000000027f0000)]

Other Threads:
  0x0000000016368000 VMThread [stack: 0x0000000017400000,0x0000000017500000] [id=2972]
  0x0000000017d24800 WatcherThread [stack: 0x00000000181f0000,0x00000000182f0000] [id=7404]

VM state:not at safepoint (normal execution)

VM Mutex/Monitor currently owned by a thread: None

Heap:
 PSYoungGen      total 37888K, used 18763K [0x00000000e0000000, 0x00000000e3b00000, 0x0000000100000000)
  eden space 32256K, 47% used [0x00000000e0000000,0x00000000e0edb928,0x00000000e1f80000)
  from space 5632K, 63% used [0x00000000e1f80000,0x00000000e22f7538,0x00000000e2500000)
  to   space 8192K, 0% used [0x00000000e3300000,0x00000000e3300000,0x00000000e3b00000)
 ParOldGen       total 35328K, used 9544K [0x00000000a0000000, 0x00000000a2280000, 0x00000000e0000000)
  object space 35328K, 27% used [0x00000000a0000000,0x00000000a0952070,0x00000000a2280000)
 Metaspace       used 25607K, capacity 26010K, committed 26368K, reserved 1071104K
  class space    used 3559K, capacity 3736K, committed 3840K, reserved 1048576K

Card table byte_map: [0x0000000011df0000,0x0000000012100000] byte_map_base: 0x00000000118f0000

Marking Bits: (ParMarkBitMap*) 0x0000000074d05aa0
 Begin Bits: [0x0000000012700000, 0x0000000013f00000)
 End Bits:   [0x0000000013f00000, 0x0000000015700000)

Polling page: 0x00000000009d0000

CodeCache: size=245760Kb used=7525Kb max_used=7528Kb free=238234Kb
 bounds [0x0000000002a30000, 0x00000000031a0000, 0x0000000011a30000]
 total_blobs=2593 nmethods=1947 adapters=559
 compilation: enabled

Compilation events (10 events):
Event: 10.013 Thread 0x000000001639e000 nmethod 2049 0x000000000318d7d0 code [0x000000000318d9a0, 0x000000000318f0e8]
Event: 10.013 Thread 0x00000000163a6000 2070       3       org.objectweb.asm.Edge::<init> (20 bytes)
Event: 10.013 Thread 0x000000001639e000 2060       4       java.util.LinkedHashMap$LinkedHashIterator::nextNode (54 bytes)
Event: 10.013 Thread 0x00000000163a6000 nmethod 2070 0x0000000003177850 code [0x00000000031779a0, 0x0000000003177b70]
Event: 10.013 Thread 0x00000000163a6000 2073       3       org.objectweb.asm.ByteVector::put11 (52 bytes)
Event: 10.013 Thread 0x00000000163a6000 nmethod 2073 0x000000000317c850 code [0x000000000317c9c0, 0x000000000317cc28]
Event: 10.013 Thread 0x00000000163a6000 2071       3       org.gradle.api.internal.AbstractClassGenerator$PropertyMetaData::getType (48 bytes)
Event: 10.014 Thread 0x000000001639e000 nmethod 2060 0x0000000003177590 code [0x00000000031776c0, 0x0000000003177798]
Event: 10.014 Thread 0x00000000163a6000 nmethod 2071 0x000000000317f290 code [0x000000000317f460, 0x000000000317fd78]
Event: 10.032 Thread 0x000000001639e000 2074       4       org.objectweb.asm.Type::getArgumentsAndReturnSizes (138 bytes)

GC Heap History (10 events):
Event: 6.263 GC heap before
{Heap before GC invocations=6 (full 0):
 PSYoungGen      total 18944K, used 18944K [0x00000000e0000000, 0x00000000e2a00000, 0x0000000100000000)
  eden space 16384K, 100% used [0x00000000e0000000,0x00000000e1000000,0x00000000e1000000)
  from space 2560K, 100% used [0x00000000e1000000,0x00000000e1280000,0x00000000e1280000)
  to   space 5120K, 0% used [0x00000000e2500000,0x00000000e2500000,0x00000000e2a00000)
 ParOldGen       total 44032K, used 4686K [0x00000000a0000000, 0x00000000a2b00000, 0x00000000e0000000)
  object space 44032K, 10% used [0x00000000a0000000,0x00000000a0493878,0x00000000a2b00000)
 Metaspace       used 13622K, capacity 13966K, committed 14208K, reserved 1060864K
  class space    used 1919K, capacity 2059K, committed 2176K, reserved 1048576K
Event: 6.271 GC heap after
Heap after GC invocations=6 (full 0):
 PSYoungGen      total 37376K, used 4733K [0x00000000e0000000, 0x00000000e2b00000, 0x0000000100000000)
  eden space 32256K, 0% used [0x00000000e0000000,0x00000000e0000000,0x00000000e1f80000)
  from space 5120K, 92% used [0x00000000e2500000,0x00000000e299f4c0,0x00000000e2a00000)
  to   space 5632K, 0% used [0x00000000e1f80000,0x00000000e1f80000,0x00000000e2500000)
 ParOldGen       total 44032K, used 4694K [0x00000000a0000000, 0x00000000a2b00000, 0x00000000e0000000)
  object space 44032K, 10% used [0x00000000a0000000,0x00000000a0495878,0x00000000a2b00000)
 Metaspace       used 13622K, capacity 13966K, committed 14208K, reserved 1060864K
  class space    used 1919K, capacity 2059K, committed 2176K, reserved 1048576K
}
Event: 7.157 GC heap before
{Heap before GC invocations=7 (full 0):
 PSYoungGen      total 37376K, used 36989K [0x00000000e0000000, 0x00000000e2b00000, 0x0000000100000000)
  eden space 32256K, 100% used [0x00000000e0000000,0x00000000e1f80000,0x00000000e1f80000)
  from space 5120K, 92% used [0x00000000e2500000,0x00000000e299f4c0,0x00000000e2a00000)
  to   space 5632K, 0% used [0x00000000e1f80000,0x00000000e1f80000,0x00000000e2500000)
 ParOldGen       total 44032K, used 4694K [0x00000000a0000000, 0x00000000a2b00000, 0x00000000e0000000)
  object space 44032K, 10% used [0x00000000a0000000,0x00000000a0495878,0x00000000a2b00000)
 Metaspace       used 16620K, capacity 17022K, committed 17152K, reserved 1064960K
  class space    used 2399K, capacity 2549K, committed 2560K, reserved 1048576K
Event: 7.177 GC heap after
Heap after GC invocations=7 (full 0):
 PSYoungGen      total 37888K, used 5609K [0x00000000e0000000, 0x00000000e2b00000, 0x0000000100000000)
  eden space 32256K, 0% used [0x00000000e0000000,0x00000000e0000000,0x00000000e1f80000)
  from space 5632K, 99% used [0x00000000e1f80000,0x00000000e24fa548,0x00000000e2500000)
  to   space 5120K, 0% used [0x00000000e2500000,0x00000000e2500000,0x00000000e2a00000)
 ParOldGen       total 44032K, used 5916K [0x00000000a0000000, 0x00000000a2b00000, 0x00000000e0000000)
  object space 44032K, 13% used [0x00000000a0000000,0x00000000a05c7170,0x00000000a2b00000)
 Metaspace       used 16620K, capacity 17022K, committed 17152K, reserved 1064960K
  class space    used 2399K, capacity 2549K, committed 2560K, reserved 1048576K
}
Event: 8.692 GC heap before
{Heap before GC invocations=8 (full 0):
 PSYoungGen      total 37888K, used 37292K [0x00000000e0000000, 0x00000000e2b00000, 0x0000000100000000)
  eden space 32256K, 98% used [0x00000000e0000000,0x00000000e1ef0d88,0x00000000e1f80000)
  from space 5632K, 99% used [0x00000000e1f80000,0x00000000e24fa548,0x00000000e2500000)
  to   space 5120K, 0% used [0x00000000e2500000,0x00000000e2500000,0x00000000e2a00000)
 ParOldGen       total 44032K, used 5916K [0x00000000a0000000, 0x00000000a2b00000, 0x00000000e0000000)
  object space 44032K, 13% used [0x00000000a0000000,0x00000000a05c7170,0x00000000a2b00000)
 Metaspace       used 20678K, capacity 21148K, committed 21296K, reserved 1067008K
  class space    used 2907K, capacity 3119K, committed 3200K, reserved 1048576K
Event: 8.704 GC heap after
Heap after GC invocations=8 (full 0):
 PSYoungGen      total 37376K, used 5089K [0x00000000e0000000, 0x00000000e2b00000, 0x0000000100000000)
  eden space 32256K, 0% used [0x00000000e0000000,0x00000000e0000000,0x00000000e1f80000)
  from space 5120K, 99% used [0x00000000e2500000,0x00000000e29f8450,0x00000000e2a00000)
  to   space 5632K, 0% used [0x00000000e1f80000,0x00000000e1f80000,0x00000000e2500000)
 ParOldGen       total 44032K, used 8466K [0x00000000a0000000, 0x00000000a2b00000, 0x00000000e0000000)
  object space 44032K, 19% used [0x00000000a0000000,0x00000000a0844928,0x00000000a2b00000)
 Metaspace       used 20678K, capacity 21148K, committed 21296K, reserved 1067008K
  class space    used 2907K, capacity 3119K, committed 3200K, reserved 1048576K
}
Event: 8.704 GC heap before
{Heap before GC invocations=9 (full 1):
 PSYoungGen      total 37376K, used 5089K [0x00000000e0000000, 0x00000000e2b00000, 0x0000000100000000)
  eden space 32256K, 0% used [0x00000000e0000000,0x00000000e0000000,0x00000000e1f80000)
  from space 5120K, 99% used [0x00000000e2500000,0x00000000e29f8450,0x00000000e2a00000)
  to   space 5632K, 0% used [0x00000000e1f80000,0x00000000e1f80000,0x00000000e2500000)
 ParOldGen       total 44032K, used 8466K [0x00000000a0000000, 0x00000000a2b00000, 0x00000000e0000000)
  object space 44032K, 19% used [0x00000000a0000000,0x00000000a0844928,0x00000000a2b00000)
 Metaspace       used 20678K, capacity 21148K, committed 21296K, reserved 1067008K
  class space    used 2907K, capacity 3119K, committed 3200K, reserved 1048576K
Event: 8.769 GC heap after
Heap after GC invocations=9 (full 1):
 PSYoungGen      total 37376K, used 0K [0x00000000e0000000, 0x00000000e2b00000, 0x0000000100000000)
  eden space 32256K, 0% used [0x00000000e0000000,0x00000000e0000000,0x00000000e1f80000)
  from space 5120K, 0% used [0x00000000e2500000,0x00000000e2500000,0x00000000e2a00000)
  to   space 5632K, 0% used [0x00000000e1f80000,0x00000000e1f80000,0x00000000e2500000)
 ParOldGen       total 35328K, used 9536K [0x00000000a0000000, 0x00000000a2280000, 0x00000000e0000000)
  object space 35328K, 26% used [0x00000000a0000000,0x00000000a0950070,0x00000000a2280000)
 Metaspace       used 20678K, capacity 21148K, committed 21296K, reserved 1067008K
  class space    used 2907K, capacity 3119K, committed 3200K, reserved 1048576K
}
Event: 9.741 GC heap before
{Heap before GC invocations=10 (full 1):
 PSYoungGen      total 37376K, used 32256K [0x00000000e0000000, 0x00000000e2b00000, 0x0000000100000000)
  eden space 32256K, 100% used [0x00000000e0000000,0x00000000e1f80000,0x00000000e1f80000)
  from space 5120K, 0% used [0x00000000e2500000,0x00000000e2500000,0x00000000e2a00000)
  to   space 5632K, 0% used [0x00000000e1f80000,0x00000000e1f80000,0x00000000e2500000)
 ParOldGen       total 35328K, used 9536K [0x00000000a0000000, 0x00000000a2280000, 0x00000000e0000000)
  object space 35328K, 26% used [0x00000000a0000000,0x00000000a0950070,0x00000000a2280000)
 Metaspace       used 24538K, capacity 25076K, committed 25088K, reserved 1071104K
  class space    used 3372K, capacity 3575K, committed 3584K, reserved 1048576K
Event: 9.747 GC heap after
Heap after GC invocations=10 (full 1):
 PSYoungGen      total 37888K, used 3549K [0x00000000e0000000, 0x00000000e3b00000, 0x0000000100000000)
  eden space 32256K, 0% used [0x00000000e0000000,0x00000000e0000000,0x00000000e1f80000)
  from space 5632K, 63% used [0x00000000e1f80000,0x00000000e22f7538,0x00000000e2500000)
  to   space 8192K, 0% used [0x00000000e3300000,0x00000000e3300000,0x00000000e3b00000)
 ParOldGen       total 35328K, used 9544K [0x00000000a0000000, 0x00000000a2280000, 0x00000000e0000000)
  object space 35328K, 27% used [0x00000000a0000000,0x00000000a0952070,0x00000000a2280000)
 Metaspace       used 24538K, capacity 25076K, committed 25088K, reserved 1071104K
  class space    used 3372K, capacity 3575K, committed 3584K, reserved 1048576K
}

Deoptimization events (10 events):
Event: 7.905 Thread 0x00000000190c9800 Uncommon trap: reason=class_check action=maybe_recompile pc=0x0000000002bb13e8 method=java.lang.String.equals(Ljava/lang/Object;)Z @ 8
Event: 7.905 Thread 0x00000000190c9800 Uncommon trap: reason=class_check action=maybe_recompile pc=0x0000000002bb13e8 method=java.lang.String.equals(Ljava/lang/Object;)Z @ 8
Event: 7.906 Thread 0x00000000190c9800 Uncommon trap: reason=class_check action=maybe_recompile pc=0x0000000002bb13e8 method=java.lang.String.equals(Ljava/lang/Object;)Z @ 8
Event: 7.906 Thread 0x00000000190c9800 Uncommon trap: reason=class_check action=maybe_recompile pc=0x0000000002bb13e8 method=java.lang.String.equals(Ljava/lang/Object;)Z @ 8
Event: 8.185 Thread 0x00000000190c9800 Uncommon trap: reason=class_check action=maybe_recompile pc=0x0000000002c0ba5c method=sun.misc.URLClassPath.getLoader(I)Lsun/misc/URLClassPath$Loader; @ 94
Event: 8.186 Thread 0x00000000190c9800 Uncommon trap: reason=class_check action=maybe_recompile pc=0x0000000002d42c6c method=sun.misc.URLClassPath.getResource(Ljava/lang/String;Z)Lsun/misc/Resource; @ 62
Event: 9.110 Thread 0x00000000190c9800 Uncommon trap: reason=unstable_if action=reinterpret pc=0x0000000002d4f184 method=java.lang.ClassLoader.getClassLoadingLock(Ljava/lang/String;)Ljava/lang/Object; @ 6
Event: 9.579 Thread 0x00000000190c9800 Uncommon trap: reason=unstable_if action=reinterpret pc=0x0000000002e9f960 method=java.util.HashMap.hash(Ljava/lang/Object;)I @ 1
Event: 9.672 Thread 0x00000000190c9800 Uncommon trap: reason=unstable_if action=reinterpret pc=0x0000000002ccfa4c method=java.io.WinNTFileSystem.resolve(Ljava/lang/String;Ljava/lang/String;)Ljava/lang/String; @ 49
Event: 9.701 Thread 0x00000000190c9800 Uncommon trap: reason=unstable_if action=reinterpret pc=0x0000000002ce4170 method=java.util.LinkedHashMap.afterNodeInsertion(Z)V @ 1

Classes redefined (0 events):
No events

Internal exceptions (10 events):
Event: 9.162 Thread 0x00000000190c9800 Exception <a 'java/lang/ClassNotFoundException': org/gradle/api/internal/plugins/DefaultExtraPropertiesExtensionCustomizer> (0x00000000e0891fc0) thrown at [D:\src\AOSP-openjdk-cygwin\jdk8u\hotspot\src\share\vm\classfile\systemDictionary.cpp, line 210]
Event: 9.182 Thread 0x00000000190c9800 Exception <a 'java/lang/ClassNotFoundException': groovy/lang/Closure$1BeanInfo> (0x00000000e09467a8) thrown at [D:\src\AOSP-openjdk-cygwin\jdk8u\hotspot\src\share\vm\classfile\systemDictionary.cpp, line 210]
Event: 9.183 Thread 0x00000000190c9800 Exception <a 'java/lang/ClassNotFoundException': groovy/lang/ClosureBeanInfo> (0x00000000e0968ed0) thrown at [D:\src\AOSP-openjdk-cygwin\jdk8u\hotspot\src\share\vm\classfile\systemDictionary.cpp, line 210]
Event: 9.184 Thread 0x00000000190c9800 Exception <a 'java/lang/ClassNotFoundException': groovy/lang/ClosureCustomizer> (0x00000000e098be38) thrown at [D:\src\AOSP-openjdk-cygwin\jdk8u\hotspot\src\share\vm\classfile\systemDictionary.cpp, line 210]
Event: 9.189 Thread 0x00000000190c9800 Exception <a 'java/lang/ClassNotFoundException': groovy/lang/Closure$1Customizer> (0x00000000e09d7308) thrown at [D:\src\AOSP-openjdk-cygwin\jdk8u\hotspot\src\share\vm\classfile\systemDictionary.cpp, line 210]
Event: 9.456 Thread 0x00000000190c9800 Exception <a 'java/lang/ClassNotFoundException': org/gradle/internal/metaobject/ConfigureDelegateBeanInfo> (0x00000000e0fa0260) thrown at [D:\src\AOSP-openjdk-cygwin\jdk8u\hotspot\src\share\vm\classfile\systemDictionary.cpp, line 210]
Event: 9.458 Thread 0x00000000190c9800 Exception <a 'java/lang/ClassNotFoundException': org/gradle/internal/metaobject/ConfigureDelegateCustomizer> (0x00000000e0fc9558) thrown at [D:\src\AOSP-openjdk-cygwin\jdk8u\hotspot\src\share\vm\classfile\systemDictionary.cpp, line 210]
Event: 9.473 Thread 0x00000000190c9800 Exception <a 'java/lang/ClassNotFoundException': org/gradle/api/internal/initialization/DefaultScriptHandlerBeanInfo> (0x00000000e104bb50) thrown at [D:\src\AOSP-openjdk-cygwin\jdk8u\hotspot\src\share\vm\classfile\systemDictionary.cpp, line 210]
Event: 9.475 Thread 0x00000000190c9800 Exception <a 'java/lang/ClassNotFoundException': org/gradle/api/internal/initialization/DefaultScriptHandlerCustomizer> (0x00000000e107b910) thrown at [D:\src\AOSP-openjdk-cygwin\jdk8u\hotspot\src\share\vm\classfile\systemDictionary.cpp, line 210]
Event: 9.579 Thread 0x00000000190c9800 Implicit null exception at 0x0000000002e9f755 to 0x0000000002e9f951

Events (10 events):
Event: 10.037 loading class org/gradle/api/internal/artifacts/dsl/dependencies/DefaultDependencyConstraintHandler$DependencyConstraintAdder
Event: 10.037 loading class org/gradle/api/internal/artifacts/dsl/dependencies/DefaultDependencyConstraintHandler$DependencyConstraintAdder done
Event: 10.038 loading class org/gradle/api/internal/artifacts/query/DefaultArtifactResolutionQueryFactory
Event: 10.038 loading class org/gradle/api/internal/artifacts/query/DefaultArtifactResolutionQueryFactory done
Event: 10.038 loading class org/gradle/api/artifacts/query/ArtifactResolutionQuery
Event: 10.038 loading class org/gradle/api/artifacts/query/ArtifactResolutionQuery done
Event: 10.039 loading class org/gradle/api/internal/artifacts/dsl/dependencies/DefaultDependencyHandler
Event: 10.039 loading class org/gradle/api/internal/artifacts/dsl/dependencies/DefaultDependencyHandler done
Event: 10.041 loading class org/gradle/api/artifacts/type/ArtifactTypeContainer
Event: 10.041 loading class org/gradle/api/artifacts/type/ArtifactTypeContainer done


Dynamic libraries:
0x00007ff695530000 - 0x00007ff695561000 	C:\Program Files\Android\Android Studio\jre\bin\java.exe
0x00007ffbf3aa0000 - 0x00007ffbf3c81000 	C:\WINDOWS\SYSTEM32\ntdll.dll
0x00007ffbf3440000 - 0x00007ffbf34f2000 	C:\WINDOWS\System32\KERNEL32.DLL
0x00007ffbf0890000 - 0x00007ffbf0b03000 	C:\WINDOWS\System32\KERNELBASE.dll
0x00007ffbf38a0000 - 0x00007ffbf3941000 	C:\WINDOWS\System32\ADVAPI32.dll
0x00007ffbf39d0000 - 0x00007ffbf3a6e000 	C:\WINDOWS\System32\msvcrt.dll
0x00007ffbf2fe0000 - 0x00007ffbf303b000 	C:\WINDOWS\System32\sechost.dll
0x00007ffbf3770000 - 0x00007ffbf3894000 	C:\WINDOWS\System32\RPCRT4.dll
0x00007ffbf1040000 - 0x00007ffbf11d0000 	C:\WINDOWS\System32\USER32.dll
0x00007ffbf0160000 - 0x00007ffbf0180000 	C:\WINDOWS\System32\win32u.dll
0x00007ffbf0f30000 - 0x00007ffbf0f58000 	C:\WINDOWS\System32\GDI32.dll
0x00007ffbf0b10000 - 0x00007ffbf0ca2000 	C:\WINDOWS\System32\gdi32full.dll
0x00007ffbf0060000 - 0x00007ffbf00ff000 	C:\WINDOWS\System32\msvcp_win.dll
0x00007ffbf0e30000 - 0x00007ffbf0f2a000 	C:\WINDOWS\System32\ucrtbase.dll
0x00007ffbda970000 - 0x00007ffbdabd9000 	C:\WINDOWS\WinSxS\amd64_microsoft.windows.common-controls_6595b64144ccf1df_6.0.17134.407_none_fb449d63306391e9\COMCTL32.dll
0x00007ffbf3110000 - 0x00007ffbf3432000 	C:\WINDOWS\System32\combase.dll
0x00007ffbf0db0000 - 0x00007ffbf0e2a000 	C:\WINDOWS\System32\bcryptPrimitives.dll
0x00007ffbf3740000 - 0x00007ffbf376d000 	C:\WINDOWS\System32\IMM32.DLL
0x0000000074460000 - 0x0000000074532000 	C:\Program Files\Android\Android Studio\jre\jre\bin\msvcr100.dll
0x0000000074540000 - 0x0000000074d81000 	C:\Program Files\Android\Android Studio\jre\jre\bin\server\jvm.dll
0x00007ffbf2830000 - 0x00007ffbf2838000 	C:\WINDOWS\System32\PSAPI.DLL
0x00007ffbe6120000 - 0x00007ffbe612a000 	C:\WINDOWS\SYSTEM32\VERSION.dll
0x00007ffbeb500000 - 0x00007ffbeb523000 	C:\WINDOWS\SYSTEM32\WINMM.dll
0x00007ffbea0b0000 - 0x00007ffbea0b9000 	C:\WINDOWS\SYSTEM32\WSOCK32.dll
0x00007ffbeb4d0000 - 0x00007ffbeb4fa000 	C:\WINDOWS\SYSTEM32\winmmbase.dll
0x00007ffbf0cb0000 - 0x00007ffbf0cf9000 	C:\WINDOWS\System32\cfgmgr32.dll
0x00007ffbf3950000 - 0x00007ffbf39bc000 	C:\WINDOWS\System32\WS2_32.dll
0x00007ffbec2d0000 - 0x00007ffbec2df000 	C:\Program Files\Android\Android Studio\jre\jre\bin\verify.dll
0x00007ffbeb540000 - 0x00007ffbeb569000 	C:\Program Files\Android\Android Studio\jre\jre\bin\java.dll
0x00007ffbeb260000 - 0x00007ffbeb276000 	C:\Program Files\Android\Android Studio\jre\jre\bin\zip.dll
0x00007ffbf1230000 - 0x00007ffbf266f000 	C:\WINDOWS\System32\SHELL32.dll
0x00007ffbf3510000 - 0x00007ffbf35b9000 	C:\WINDOWS\System32\shcore.dll
0x00007ffbf0180000 - 0x00007ffbf088d000 	C:\WINDOWS\System32\windows.storage.dll
0x00007ffbf2d80000 - 0x00007ffbf2dd1000 	C:\WINDOWS\System32\shlwapi.dll
0x00007ffbefdd0000 - 0x00007ffbefde1000 	C:\WINDOWS\System32\kernel.appcore.dll
0x00007ffbefdb0000 - 0x00007ffbefdcf000 	C:\WINDOWS\System32\profapi.dll
0x00007ffbefe00000 - 0x00007ffbefe4c000 	C:\WINDOWS\System32\powrprof.dll
0x00007ffbefdf0000 - 0x00007ffbefdfa000 	C:\WINDOWS\System32\FLTLIB.DLL
0x00007ffbeb1c0000 - 0x00007ffbeb1da000 	C:\Program Files\Android\Android Studio\jre\jre\bin\net.dll
0x00007ffbef630000 - 0x00007ffbef696000 	C:\WINDOWS\system32\mswsock.dll
0x00007ffbea1c0000 - 0x00007ffbea1d1000 	C:\Program Files\Android\Android Studio\jre\jre\bin\nio.dll
0x00007ffbe4ee0000 - 0x00007ffbe4efe000 	C:\Users\Akluv\.gradle\native\25\windows-amd64\native-platform.dll
0x00007ffbeb240000 - 0x00007ffbeb24d000 	C:\Program Files\Android\Android Studio\jre\jre\bin\management.dll
0x00007ffbef7f0000 - 0x00007ffbef807000 	C:\WINDOWS\SYSTEM32\CRYPTSP.dll
0x00007ffbef210000 - 0x00007ffbef243000 	C:\WINDOWS\system32\rsaenh.dll
0x00007ffbef910000 - 0x00007ffbef935000 	C:\WINDOWS\SYSTEM32\bcrypt.dll
0x00007ffbefcb0000 - 0x00007ffbefcd8000 	C:\WINDOWS\SYSTEM32\USERENV.dll
0x00007ffbef7e0000 - 0x00007ffbef7eb000 	C:\WINDOWS\SYSTEM32\CRYPTBASE.dll
0x00007ffbef3b0000 - 0x00007ffbef3e8000 	C:\WINDOWS\SYSTEM32\IPHLPAPI.DLL
0x00007ffbf3500000 - 0x00007ffbf3508000 	C:\WINDOWS\System32\NSI.dll
0x00007ffbe7420000 - 0x00007ffbe7436000 	C:\WINDOWS\SYSTEM32\dhcpcsvc6.DLL
0x00007ffbe7400000 - 0x00007ffbe741a000 	C:\WINDOWS\SYSTEM32\dhcpcsvc.DLL

VM Arguments:
jvm_args: -Xmx1536m -Dfile.encoding=windows-1252 -Duser.country=IN -Duser.language=en -Duser.variant 
java_command: org.gradle.launcher.daemon.bootstrap.GradleDaemon 4.10.1
java_class_path (initial): C:\Users\Akluv\.gradle\wrapper\dists\gradle-4.10.1-all\455itskqi2qtf0v2sja68alqd\gradle-4.10.1\lib\gradle-launcher-4.10.1.jar
Launcher Type: SUN_STANDARD

Environment Variables:
CLASSPATH=.;C:\PROGRA~1\IBM\SQLLIB\java\db2java.zip;C:\PROGRA~1\IBM\SQLLIB\java\db2jcc.jar;C:\PROGRA~1\IBM\SQLLIB\java\sqlj.zip;C:\PROGRA~1\IBM\SQLLIB\java\DB2JCC~1.JAR;C:\PROGRA~1\IBM\SQLLIB\BIN;C:\PROGRA~1\IBM\SQLLIB\java\Common.jar;C:\Program Files (x86)\apache-maven-3.5.3\bin
PATH=C:\Program Files (x86)\Common Files\Oracle\Java\javapath;C:\Program Files (x86)\NVIDIA Corporation\PhysX\Common;C:\ProgramData\Oracle\Java\javapath;C:\Program Files (x86)\Intel\iCLS Client\;C:\Program Files\Intel\iCLS Client\;C:\Windows\system32;C:\Windows;C:\Windows\System32\Wbem;C:\Windows\System32\WindowsPowerShell\v1.0\;C:\Program Files (x86)\Intel\Intel(R) Management Engine Components\DAL;C:\Program Files\Intel\Intel(R) Management Engine Components\DAL;C:\Program Files (x86)\Intel\Intel(R) Management Engine Components\IPT;C:\Program Files\Intel\Intel(R) Management Engine Components\IPT;C:\Program Files\Microsoft\Web Platform Installer\;C:\Program Files (x86)\Microsoft ASP.NET\ASP.NET Web Pages\v1.0\;C:\Program Files (x86)\Windows Kits\8.0\Windows Performance Toolkit\;C:\Program Files\Microsoft SQL Server\110\Tools\Binn\;C:\Program Files (x86)\Microsoft SQL Server\110\Tools\Binn\;C:\Program Files\Microsoft SQL Server\110\DTS\Binn\;E:\Andy\common;C:\PROGRA~1\IBM\SQLLIB\BIN;C:\PROGRA~1\IBM\SQLLIB\FUNCTION;C:\PROGRA~1\IBM\SQLLIB\SAMPLES\REPL;C:\Users\Akluv\AppData;C:\Program Files (x86)\node-v7.3.0-win-x64;C:\Program Files\IBM\MobileFirst-CLI;C:\WINDOWS\system32;C:\WINDOWS;C:\WINDOWS\System32\Wbem;C:\WINDOWS\System32\WindowsPowerShell\v1.0\;C:\WINDOWS\System32\OpenSSH\;C:\Program Files\nodejs\;C:\Program Files (x86)\PuTTY\;C:\Program Files\Git\cmd;C:\Users\Akluv\AppData\Local\Programs\Python\Python36\Scripts\;C:\Users\Akluv\AppData\Local\Programs\Python\Python36\;C:\Users\Akluv\Anaconda3;C:\Users\Akluv\Anaconda3\Library\mingw-w64\bin;C:\Users\Akluv\Anaconda3\Library\usr\bin;C:\Users\Akluv\Anaconda3\Library\bin;C:\Users\Akluv\Anaconda3\Scripts;C:\Users\Akluv\AppData\Local\Microsoft\WindowsApps;C:\Users\Akluv\AppData\Local\Programs\MiKTeX 2.9\miktex\bin\x64\;E:\Microsoft VS Code\bin;C:\Users\Akluv\AppData\Roaming\npm
USERNAME=Akluv
OS=Windows_NT
PROCESSOR_IDENTIFIER=Intel64 Family 6 Model 61 Stepping 4, GenuineIntel



---------------  S Y S T E M  ---------------

OS: Windows 10.0 , 64 bit Build 17134 (10.0.17134.1)

CPU:total 4 (initial active 4) (2 cores per cpu, 2 threads per core) family 6 model 61 stepping 4, cmov, cx8, fxsr, mmx, sse, sse2, sse3, ssse3, sse4.1, sse4.2, popcnt, avx, avx2, aes, clmul, erms, 3dnowpref, lzcnt, ht, tsc, tscinvbit, bmi1, bmi2, adx

Memory: 4k page, physical 4082796k(312192k free), swap 5510252k(5416k free)

vm_info: OpenJDK 64-Bit Server VM (25.152-b01) for windows-amd64 JRE (1.8.0_152-release-1248-b01), built by "builder" with MS VC++ 10.0 (VS2010)

time: Wed Jan 16 15:45:00 2019
elapsed time: 10 seconds (0d 0h 0m 10s)

